0 verbose cli /usr/local/bin/node /usr/local/bin/npm
1 info using npm@10.9.2
2 info using node@v22.17.1
3 silly config load:file:/usr/local/lib/node_modules/npm/npmrc
4 silly config load:file:/Users/sornalisen/Desktop/career.ai/server/.npmrc
5 silly config load:file:/Users/sornalisen/.npmrc
6 silly config load:file:/usr/local/etc/npmrc
7 verbose title npm install express cors zod
8 verbose argv "install" "express" "cors" "zod"
9 verbose logfile logs-max:10 dir:/Users/sornalisen/Desktop/career.ai/.npm-cache/_logs/2025-11-19T14_38_12_262Z-
10 verbose logfile /Users/sornalisen/Desktop/career.ai/.npm-cache/_logs/2025-11-19T14_38_12_262Z-debug-0.log
11 silly logfile done cleaning log files
12 silly packumentCache heap:2197815296 maxSize:549453824 maxEntrySize:274726912
13 silly idealTree buildDeps
14 silly fetch manifest express@*
15 silly packumentCache full:https://registry.npmjs.org/express cache-miss
16 http fetch GET 200 https://registry.npmjs.org/express 256ms (cache miss)
17 silly packumentCache full:https://registry.npmjs.org/express set size:undefined disposed:false
18 silly fetch manifest cors@*
19 silly packumentCache full:https://registry.npmjs.org/cors cache-miss
20 http fetch GET 200 https://registry.npmjs.org/cors 71ms (cache miss)
21 silly packumentCache full:https://registry.npmjs.org/cors set size:undefined disposed:false
22 silly fetch manifest zod@*
23 silly packumentCache full:https://registry.npmjs.org/zod cache-miss
24 http cache https://registry.npmjs.org/zod 11ms (cache hit)
25 silly packumentCache full:https://registry.npmjs.org/zod set size:3245820 disposed:false
26 silly placeDep ROOT cors@2.8.5 OK for: server@1.0.0 want: *
27 silly placeDep ROOT express@5.1.0 OK for: server@1.0.0 want: *
28 silly placeDep ROOT zod@4.1.12 OK for: server@1.0.0 want: *
29 silly fetch manifest vary@^1
30 silly packumentCache full:https://registry.npmjs.org/vary cache-miss
31 silly fetch manifest object-assign@^4
32 silly packumentCache full:https://registry.npmjs.org/object-assign cache-miss
33 silly fetch manifest qs@^6.14.0
34 silly packumentCache full:https://registry.npmjs.org/qs cache-miss
35 silly fetch manifest etag@^1.8.1
36 silly packumentCache full:https://registry.npmjs.org/etag cache-miss
37 silly fetch manifest once@^1.4.0
38 silly packumentCache full:https://registry.npmjs.org/once cache-miss
39 silly fetch manifest send@^1.1.0
40 silly packumentCache full:https://registry.npmjs.org/send cache-miss
41 silly fetch manifest vary@^1.1.2
42 silly packumentCache full:https://registry.npmjs.org/vary cache-miss
43 http fetch GET 200 https://registry.npmjs.org/vary 79ms (cache miss)
44 silly packumentCache full:https://registry.npmjs.org/vary set size:undefined disposed:false
45 silly fetch manifest debug@^4.4.0
46 silly packumentCache full:https://registry.npmjs.org/debug cache-miss
47 http cache https://registry.npmjs.org/debug 2ms (cache hit)
48 silly packumentCache full:https://registry.npmjs.org/debug set size:195840 disposed:false
49 silly fetch manifest fresh@^2.0.0
50 silly packumentCache full:https://registry.npmjs.org/fresh cache-miss
51 http fetch GET 200 https://registry.npmjs.org/fresh 69ms (cache miss)
52 silly packumentCache full:https://registry.npmjs.org/fresh set size:undefined disposed:false
53 silly fetch manifest cookie@^0.7.1
54 silly packumentCache full:https://registry.npmjs.org/cookie cache-miss
55 http fetch GET 200 https://registry.npmjs.org/etag 205ms (cache miss)
56 silly packumentCache full:https://registry.npmjs.org/etag set size:undefined disposed:false
57 silly fetch manifest router@^2.2.0
58 silly packumentCache full:https://registry.npmjs.org/router cache-miss
59 http fetch GET 200 https://registry.npmjs.org/send 209ms (cache miss)
60 silly packumentCache full:https://registry.npmjs.org/send set size:undefined disposed:false
61 silly fetch manifest accepts@^2.0.0
62 silly packumentCache full:https://registry.npmjs.org/accepts cache-miss
63 http fetch GET 200 https://registry.npmjs.org/vary 215ms (cache miss)
64 silly packumentCache full:https://registry.npmjs.org/vary set size:undefined disposed:false
65 silly fetch manifest type-is@^2.0.1
66 silly packumentCache full:https://registry.npmjs.org/type-is cache-miss
67 http fetch GET 200 https://registry.npmjs.org/once 217ms (cache miss)
68 silly packumentCache full:https://registry.npmjs.org/once set size:undefined disposed:false
69 silly fetch manifest parseurl@^1.3.3
70 silly packumentCache full:https://registry.npmjs.org/parseurl cache-miss
71 http fetch GET 200 https://registry.npmjs.org/object-assign 226ms (cache miss)
72 silly packumentCache full:https://registry.npmjs.org/object-assign set size:undefined disposed:false
73 silly fetch manifest statuses@^2.0.1
74 silly packumentCache full:https://registry.npmjs.org/statuses cache-miss
75 http fetch GET 200 https://registry.npmjs.org/qs 230ms (cache miss)
76 silly packumentCache full:https://registry.npmjs.org/qs set size:undefined disposed:false
77 silly fetch manifest encodeurl@^2.0.0
78 silly packumentCache full:https://registry.npmjs.org/encodeurl cache-miss
79 http fetch GET 200 https://registry.npmjs.org/cookie 93ms (cache miss)
80 silly packumentCache full:https://registry.npmjs.org/cookie set size:undefined disposed:false
81 silly fetch manifest mime-types@^3.0.0
82 silly packumentCache full:https://registry.npmjs.org/mime-types cache-miss
83 http fetch GET 200 https://registry.npmjs.org/accepts 62ms (cache miss)
84 silly packumentCache full:https://registry.npmjs.org/accepts set size:undefined disposed:false
85 silly fetch manifest proxy-addr@^2.0.7
86 silly packumentCache full:https://registry.npmjs.org/proxy-addr cache-miss
87 http fetch GET 200 https://registry.npmjs.org/router 70ms (cache miss)
88 silly packumentCache full:https://registry.npmjs.org/router set size:undefined disposed:false
89 silly fetch manifest body-parser@^2.2.0
90 silly packumentCache full:https://registry.npmjs.org/body-parser cache-miss
91 http fetch GET 200 https://registry.npmjs.org/parseurl 60ms (cache miss)
92 silly packumentCache full:https://registry.npmjs.org/parseurl set size:undefined disposed:false
93 silly fetch manifest escape-html@^1.0.3
94 silly packumentCache full:https://registry.npmjs.org/escape-html cache-miss
95 http fetch GET 200 https://registry.npmjs.org/type-is 65ms (cache miss)
96 silly packumentCache full:https://registry.npmjs.org/type-is set size:undefined disposed:false
97 silly fetch manifest http-errors@^2.0.0
98 silly packumentCache full:https://registry.npmjs.org/http-errors cache-miss
99 http fetch GET 200 https://registry.npmjs.org/statuses 70ms (cache miss)
100 silly packumentCache full:https://registry.npmjs.org/statuses set size:undefined disposed:false
101 silly fetch manifest on-finished@^2.4.1
102 silly packumentCache full:https://registry.npmjs.org/on-finished cache-miss
103 http fetch GET 200 https://registry.npmjs.org/encodeurl 94ms (cache miss)
104 silly packumentCache full:https://registry.npmjs.org/encodeurl set size:undefined disposed:false
105 silly fetch manifest content-type@^1.0.5
106 silly packumentCache full:https://registry.npmjs.org/content-type cache-miss
107 http fetch GET 200 https://registry.npmjs.org/body-parser 62ms (cache miss)
108 silly packumentCache full:https://registry.npmjs.org/body-parser set size:undefined disposed:false
109 silly fetch manifest finalhandler@^2.1.0
110 silly packumentCache full:https://registry.npmjs.org/finalhandler cache-miss
111 http fetch GET 200 https://registry.npmjs.org/mime-types 100ms (cache miss)
112 silly packumentCache full:https://registry.npmjs.org/mime-types set size:undefined disposed:false
113 silly fetch manifest range-parser@^1.2.1
114 silly packumentCache full:https://registry.npmjs.org/range-parser cache-miss
115 http fetch GET 200 https://registry.npmjs.org/proxy-addr 74ms (cache miss)
116 silly packumentCache full:https://registry.npmjs.org/proxy-addr set size:undefined disposed:false
117 silly fetch manifest serve-static@^2.2.0
118 silly packumentCache full:https://registry.npmjs.org/serve-static cache-miss
119 http fetch GET 200 https://registry.npmjs.org/escape-html 71ms (cache miss)
120 silly packumentCache full:https://registry.npmjs.org/escape-html set size:undefined disposed:false
121 silly fetch manifest cookie-signature@^1.2.1
122 silly packumentCache full:https://registry.npmjs.org/cookie-signature cache-miss
123 http fetch GET 200 https://registry.npmjs.org/http-errors 74ms (cache miss)
124 silly packumentCache full:https://registry.npmjs.org/http-errors set size:undefined disposed:false
125 silly fetch manifest merge-descriptors@^2.0.0
126 silly packumentCache full:https://registry.npmjs.org/merge-descriptors cache-miss
127 http fetch GET 200 https://registry.npmjs.org/on-finished 73ms (cache miss)
128 silly packumentCache full:https://registry.npmjs.org/on-finished set size:undefined disposed:false
129 silly fetch manifest content-disposition@^1.0.0
130 silly packumentCache full:https://registry.npmjs.org/content-disposition cache-miss
131 http fetch GET 200 https://registry.npmjs.org/content-type 61ms (cache miss)
132 silly packumentCache full:https://registry.npmjs.org/content-type set size:undefined disposed:false
133 http fetch GET 200 https://registry.npmjs.org/finalhandler 62ms (cache miss)
134 silly packumentCache full:https://registry.npmjs.org/finalhandler set size:undefined disposed:false
135 http fetch GET 200 https://registry.npmjs.org/serve-static 59ms (cache miss)
136 silly packumentCache full:https://registry.npmjs.org/serve-static set size:undefined disposed:false
137 http fetch GET 200 https://registry.npmjs.org/cookie-signature 62ms (cache miss)
138 silly packumentCache full:https://registry.npmjs.org/cookie-signature set size:undefined disposed:false
139 http fetch GET 200 https://registry.npmjs.org/range-parser 65ms (cache miss)
140 silly packumentCache full:https://registry.npmjs.org/range-parser set size:undefined disposed:false
141 http fetch GET 200 https://registry.npmjs.org/merge-descriptors 63ms (cache miss)
142 silly packumentCache full:https://registry.npmjs.org/merge-descriptors set size:undefined disposed:false
143 http fetch GET 200 https://registry.npmjs.org/content-disposition 69ms (cache miss)
144 silly packumentCache full:https://registry.npmjs.org/content-disposition set size:undefined disposed:false
145 silly placeDep ROOT object-assign@4.1.1 OK for: cors@2.8.5 want: ^4
146 silly placeDep ROOT vary@1.1.2 OK for: cors@2.8.5 want: ^1
147 silly placeDep ROOT accepts@2.0.0 OK for: express@5.1.0 want: ^2.0.0
148 silly placeDep ROOT body-parser@2.2.0 OK for: express@5.1.0 want: ^2.2.0
149 silly placeDep ROOT content-disposition@1.0.1 OK for: express@5.1.0 want: ^1.0.0
150 silly placeDep ROOT content-type@1.0.5 OK for: express@5.1.0 want: ^1.0.5
151 silly placeDep ROOT cookie@0.7.2 OK for: express@5.1.0 want: ^0.7.1
152 silly placeDep ROOT cookie-signature@1.2.2 OK for: express@5.1.0 want: ^1.2.1
153 silly placeDep ROOT debug@4.4.3 OK for: express@5.1.0 want: ^4.4.0
154 silly placeDep ROOT encodeurl@2.0.0 OK for: express@5.1.0 want: ^2.0.0
155 silly placeDep ROOT escape-html@1.0.3 OK for: express@5.1.0 want: ^1.0.3
156 silly placeDep ROOT etag@1.8.1 OK for: express@5.1.0 want: ^1.8.1
157 silly placeDep ROOT finalhandler@2.1.0 OK for: express@5.1.0 want: ^2.1.0
158 silly placeDep ROOT fresh@2.0.0 OK for: express@5.1.0 want: ^2.0.0
159 silly placeDep ROOT http-errors@2.0.0 OK for: express@5.1.0 want: ^2.0.0
160 silly placeDep ROOT merge-descriptors@2.0.0 OK for: express@5.1.0 want: ^2.0.0
161 silly placeDep ROOT mime-types@3.0.1 OK for: express@5.1.0 want: ^3.0.0
162 silly placeDep ROOT on-finished@2.4.1 OK for: express@5.1.0 want: ^2.4.1
163 silly placeDep ROOT once@1.4.0 OK for: express@5.1.0 want: ^1.4.0
164 silly placeDep ROOT parseurl@1.3.3 OK for: express@5.1.0 want: ^1.3.3
165 silly placeDep ROOT proxy-addr@2.0.7 OK for: express@5.1.0 want: ^2.0.7
166 silly placeDep ROOT qs@6.14.0 OK for: express@5.1.0 want: ^6.14.0
167 silly placeDep ROOT range-parser@1.2.1 OK for: express@5.1.0 want: ^1.2.1
168 silly placeDep ROOT router@2.2.0 OK for: express@5.1.0 want: ^2.2.0
169 silly placeDep ROOT send@1.2.0 OK for: express@5.1.0 want: ^1.1.0
170 silly placeDep ROOT serve-static@2.2.0 OK for: express@5.1.0 want: ^2.2.0
171 silly placeDep ROOT statuses@2.0.2 OK for: express@5.1.0 want: ^2.0.1
172 silly placeDep ROOT type-is@2.0.1 OK for: express@5.1.0 want: ^2.0.1
173 silly fetch manifest negotiator@^1.0.0
174 silly packumentCache full:https://registry.npmjs.org/negotiator cache-miss
175 silly fetch manifest bytes@^3.1.2
176 silly packumentCache full:https://registry.npmjs.org/bytes cache-miss
177 silly fetch manifest type-is@^2.0.0
178 silly packumentCache full:https://registry.npmjs.org/type-is cache-miss
179 silly fetch manifest raw-body@^3.0.0
180 silly packumentCache full:https://registry.npmjs.org/raw-body cache-miss
181 silly fetch manifest iconv-lite@^0.6.3
182 silly packumentCache full:https://registry.npmjs.org/iconv-lite cache-miss
183 silly fetch manifest ms@^2.1.3
184 silly packumentCache full:https://registry.npmjs.org/ms cache-miss
185 silly fetch manifest depd@2.0.0
186 silly packumentCache full:https://registry.npmjs.org/depd cache-miss
187 http cache https://registry.npmjs.org/type-is 5ms (cache hit)
188 silly packumentCache full:https://registry.npmjs.org/type-is set size:86196 disposed:false
189 silly fetch manifest inherits@2.0.4
190 silly packumentCache full:https://registry.npmjs.org/inherits cache-miss
191 http cache https://registry.npmjs.org/ms 5ms (cache hit)
192 silly packumentCache full:https://registry.npmjs.org/ms set size:92208 disposed:false
193 silly fetch manifest statuses@2.0.1
194 silly packumentCache full:https://registry.npmjs.org/statuses cache-miss
195 http cache https://registry.npmjs.org/statuses 2ms (cache hit)
196 silly packumentCache full:https://registry.npmjs.org/statuses set size:37117 disposed:false
197 silly fetch manifest toidentifier@1.0.1
198 silly packumentCache full:https://registry.npmjs.org/toidentifier cache-miss
199 http fetch GET 200 https://registry.npmjs.org/raw-body 69ms (cache miss)
200 silly packumentCache full:https://registry.npmjs.org/raw-body set size:undefined disposed:false
201 silly fetch manifest setprototypeof@1.2.0
202 silly packumentCache full:https://registry.npmjs.org/setprototypeof cache-miss
203 http fetch GET 200 https://registry.npmjs.org/iconv-lite 78ms (cache miss)
204 silly packumentCache full:https://registry.npmjs.org/iconv-lite set size:undefined disposed:false
205 silly fetch manifest mime-db@^1.54.0
206 silly packumentCache full:https://registry.npmjs.org/mime-db cache-miss
207 http fetch GET 200 https://registry.npmjs.org/toidentifier 73ms (cache miss)
208 silly packumentCache full:https://registry.npmjs.org/toidentifier set size:undefined disposed:false
209 silly fetch manifest ee-first@1.1.1
210 silly packumentCache full:https://registry.npmjs.org/ee-first cache-miss
211 http fetch GET 200 https://registry.npmjs.org/inherits 77ms (cache miss)
212 silly packumentCache full:https://registry.npmjs.org/inherits set size:undefined disposed:false
213 silly fetch manifest wrappy@1
214 silly packumentCache full:https://registry.npmjs.org/wrappy cache-miss
215 http fetch GET 200 https://registry.npmjs.org/negotiator 84ms (cache miss)
216 silly packumentCache full:https://registry.npmjs.org/negotiator set size:undefined disposed:false
217 silly fetch manifest forwarded@0.2.0
218 silly packumentCache full:https://registry.npmjs.org/forwarded cache-miss
219 http fetch GET 200 https://registry.npmjs.org/bytes 85ms (cache miss)
220 silly packumentCache full:https://registry.npmjs.org/bytes set size:undefined disposed:false
221 silly fetch manifest ipaddr.js@1.9.1
222 silly packumentCache full:https://registry.npmjs.org/ipaddr.js cache-miss
223 http fetch GET 200 https://registry.npmjs.org/depd 85ms (cache miss)
224 silly packumentCache full:https://registry.npmjs.org/depd set size:undefined disposed:false
225 silly fetch manifest side-channel@^1.1.0
226 silly packumentCache full:https://registry.npmjs.org/side-channel cache-miss
227 http fetch GET 200 https://registry.npmjs.org/setprototypeof 60ms (cache miss)
228 silly packumentCache full:https://registry.npmjs.org/setprototypeof set size:undefined disposed:false
229 silly fetch manifest depd@^2.0.0
230 silly packumentCache full:https://registry.npmjs.org/depd cache-miss
231 http cache https://registry.npmjs.org/depd 2ms (cache hit)
232 silly packumentCache full:https://registry.npmjs.org/depd set size:40182 disposed:false
233 silly fetch manifest is-promise@^4.0.0
234 silly packumentCache full:https://registry.npmjs.org/is-promise cache-miss
235 http fetch GET 200 https://registry.npmjs.org/ee-first 63ms (cache miss)
236 silly packumentCache full:https://registry.npmjs.org/ee-first set size:undefined disposed:false
237 silly fetch manifest path-to-regexp@^8.0.0
238 silly packumentCache full:https://registry.npmjs.org/path-to-regexp cache-miss
239 http fetch GET 200 https://registry.npmjs.org/mime-db 67ms (cache miss)
240 silly packumentCache full:https://registry.npmjs.org/mime-db set size:undefined disposed:false
241 silly fetch manifest media-typer@^1.1.0
242 silly packumentCache full:https://registry.npmjs.org/media-typer cache-miss
243 http fetch GET 200 https://registry.npmjs.org/ipaddr.js 67ms (cache miss)
244 silly packumentCache full:https://registry.npmjs.org/ipaddr.js set size:undefined disposed:false
245 http fetch GET 200 https://registry.npmjs.org/wrappy 70ms (cache miss)
246 silly packumentCache full:https://registry.npmjs.org/wrappy set size:undefined disposed:false
247 http fetch GET 200 https://registry.npmjs.org/forwarded 70ms (cache miss)
248 silly packumentCache full:https://registry.npmjs.org/forwarded set size:undefined disposed:false
249 http fetch GET 200 https://registry.npmjs.org/side-channel 73ms (cache miss)
250 silly packumentCache full:https://registry.npmjs.org/side-channel set size:undefined disposed:false
251 http fetch GET 200 https://registry.npmjs.org/is-promise 62ms (cache miss)
252 silly packumentCache full:https://registry.npmjs.org/is-promise set size:undefined disposed:false
253 http fetch GET 200 https://registry.npmjs.org/media-typer 62ms (cache miss)
254 silly packumentCache full:https://registry.npmjs.org/media-typer set size:undefined disposed:false
255 http fetch GET 200 https://registry.npmjs.org/path-to-regexp 71ms (cache miss)
256 silly packumentCache full:https://registry.npmjs.org/path-to-regexp set size:undefined disposed:false
257 silly placeDep ROOT negotiator@1.0.0 OK for: accepts@2.0.0 want: ^1.0.0
258 silly placeDep ROOT bytes@3.1.2 OK for: body-parser@2.2.0 want: ^3.1.2
259 silly placeDep ROOT iconv-lite@0.6.3 OK for: body-parser@2.2.0 want: ^0.6.3
260 silly placeDep ROOT raw-body@3.0.1 OK for: body-parser@2.2.0 want: ^3.0.0
261 silly fetch manifest safer-buffer@>= 2.1.2 < 3.0.0
262 silly packumentCache full:https://registry.npmjs.org/safer-buffer cache-miss
263 silly fetch manifest iconv-lite@0.7.0
264 silly packumentCache full:https://registry.npmjs.org/iconv-lite cache-miss
265 silly fetch manifest unpipe@1.0.0
266 silly packumentCache full:https://registry.npmjs.org/unpipe cache-miss
267 http cache https://registry.npmjs.org/iconv-lite 2ms (cache hit)
268 silly packumentCache full:https://registry.npmjs.org/iconv-lite set size:118890 disposed:false
269 http fetch GET 200 https://registry.npmjs.org/safer-buffer 64ms (cache miss)
270 silly packumentCache full:https://registry.npmjs.org/safer-buffer set size:undefined disposed:false
271 http fetch GET 200 https://registry.npmjs.org/unpipe 68ms (cache miss)
272 silly packumentCache full:https://registry.npmjs.org/unpipe set size:undefined disposed:false
273 silly placeDep ROOT ms@2.1.3 OK for: debug@4.4.3 want: ^2.1.3
274 silly placeDep ROOT depd@2.0.0 OK for: http-errors@2.0.0 want: 2.0.0
275 silly placeDep ROOT inherits@2.0.4 OK for: http-errors@2.0.0 want: 2.0.4
276 silly placeDep ROOT setprototypeof@1.2.0 OK for: http-errors@2.0.0 want: 1.2.0
277 silly placeDep node_modules/http-errors statuses@2.0.1 OK for: http-errors@2.0.0 want: 2.0.1
278 silly placeDep ROOT toidentifier@1.0.1 OK for: http-errors@2.0.0 want: 1.0.1
279 silly placeDep ROOT safer-buffer@2.1.2 OK for: iconv-lite@0.6.3 want: >= 2.1.2 < 3.0.0
280 silly placeDep ROOT mime-db@1.54.0 OK for: mime-types@3.0.1 want: ^1.54.0
281 silly placeDep ROOT ee-first@1.1.1 OK for: on-finished@2.4.1 want: 1.1.1
282 silly placeDep ROOT wrappy@1.0.2 OK for: once@1.4.0 want: 1
283 silly placeDep ROOT forwarded@0.2.0 OK for: proxy-addr@2.0.7 want: 0.2.0
284 silly placeDep ROOT ipaddr.js@1.9.1 OK for: proxy-addr@2.0.7 want: 1.9.1
285 silly placeDep ROOT side-channel@1.1.0 OK for: qs@6.14.0 want: ^1.1.0
286 silly fetch manifest es-errors@^1.3.0
287 silly packumentCache full:https://registry.npmjs.org/es-errors cache-miss
288 silly fetch manifest object-inspect@^1.13.3
289 silly packumentCache full:https://registry.npmjs.org/object-inspect cache-miss
290 silly fetch manifest side-channel-list@^1.0.0
291 silly packumentCache full:https://registry.npmjs.org/side-channel-list cache-miss
292 silly fetch manifest side-channel-map@^1.0.1
293 silly packumentCache full:https://registry.npmjs.org/side-channel-map cache-miss
294 silly fetch manifest side-channel-weakmap@^1.0.2
295 silly packumentCache full:https://registry.npmjs.org/side-channel-weakmap cache-miss
296 http fetch GET 200 https://registry.npmjs.org/es-errors 63ms (cache miss)
297 silly packumentCache full:https://registry.npmjs.org/es-errors set size:undefined disposed:false
298 http fetch GET 200 https://registry.npmjs.org/side-channel-map 64ms (cache miss)
299 silly packumentCache full:https://registry.npmjs.org/side-channel-map set size:undefined disposed:false
300 http fetch GET 200 https://registry.npmjs.org/side-channel-list 64ms (cache miss)
301 silly packumentCache full:https://registry.npmjs.org/side-channel-list set size:undefined disposed:false
302 http fetch GET 200 https://registry.npmjs.org/side-channel-weakmap 65ms (cache miss)
303 silly packumentCache full:https://registry.npmjs.org/side-channel-weakmap set size:undefined disposed:false
304 http fetch GET 200 https://registry.npmjs.org/object-inspect 77ms (cache miss)
305 silly packumentCache full:https://registry.npmjs.org/object-inspect set size:undefined disposed:false
306 silly placeDep node_modules/raw-body iconv-lite@0.7.0 OK for: raw-body@3.0.1 want: 0.7.0
307 silly placeDep ROOT unpipe@1.0.0 OK for: raw-body@3.0.1 want: 1.0.0
308 silly placeDep ROOT is-promise@4.0.0 OK for: router@2.2.0 want: ^4.0.0
309 silly placeDep ROOT path-to-regexp@8.3.0 OK for: router@2.2.0 want: ^8.0.0
310 silly placeDep ROOT es-errors@1.3.0 OK for: side-channel@1.1.0 want: ^1.3.0
311 silly placeDep ROOT object-inspect@1.13.4 OK for: side-channel@1.1.0 want: ^1.13.3
312 silly placeDep ROOT side-channel-list@1.0.0 OK for: side-channel@1.1.0 want: ^1.0.0
313 silly placeDep ROOT side-channel-map@1.0.1 OK for: side-channel@1.1.0 want: ^1.0.1
314 silly placeDep ROOT side-channel-weakmap@1.0.2 OK for: side-channel@1.1.0 want: ^1.0.2
315 silly fetch manifest call-bound@^1.0.2
316 silly packumentCache full:https://registry.npmjs.org/call-bound cache-miss
317 silly fetch manifest get-intrinsic@^1.2.5
318 silly packumentCache full:https://registry.npmjs.org/get-intrinsic cache-miss
319 silly fetch manifest call-bound@^1.0.2
320 silly packumentCache full:https://registry.npmjs.org/call-bound cache-miss
321 silly fetch manifest get-intrinsic@^1.2.5
322 silly packumentCache full:https://registry.npmjs.org/get-intrinsic cache-miss
323 http fetch GET 200 https://registry.npmjs.org/call-bound 87ms (cache miss)
324 silly packumentCache full:https://registry.npmjs.org/call-bound set size:undefined disposed:false
325 http fetch GET 200 https://registry.npmjs.org/call-bound 88ms (cache miss)
326 silly packumentCache full:https://registry.npmjs.org/call-bound set size:undefined disposed:false
327 http fetch GET 200 https://registry.npmjs.org/get-intrinsic 89ms (cache miss)
328 silly packumentCache full:https://registry.npmjs.org/get-intrinsic set size:undefined disposed:false
329 http fetch GET 200 https://registry.npmjs.org/get-intrinsic 90ms (cache miss)
330 silly packumentCache full:https://registry.npmjs.org/get-intrinsic set size:undefined disposed:false
331 silly placeDep ROOT call-bound@1.0.4 OK for: side-channel-map@1.0.1 want: ^1.0.2
332 silly placeDep ROOT get-intrinsic@1.3.0 OK for: side-channel-map@1.0.1 want: ^1.2.5
333 silly fetch manifest call-bind-apply-helpers@^1.0.2
334 silly packumentCache full:https://registry.npmjs.org/call-bind-apply-helpers cache-miss
335 silly fetch manifest get-intrinsic@^1.3.0
336 silly packumentCache full:https://registry.npmjs.org/get-intrinsic cache-miss
337 silly fetch manifest gopd@^1.2.0
338 silly packumentCache full:https://registry.npmjs.org/gopd cache-miss
339 silly fetch manifest hasown@^2.0.2
340 silly packumentCache full:https://registry.npmjs.org/hasown cache-miss
341 silly fetch manifest get-proto@^1.0.1
342 silly packumentCache full:https://registry.npmjs.org/get-proto cache-miss
343 silly fetch manifest has-symbols@^1.1.0
344 silly packumentCache full:https://registry.npmjs.org/has-symbols cache-miss
345 silly fetch manifest function-bind@^1.1.2
346 silly packumentCache full:https://registry.npmjs.org/function-bind cache-miss
347 http cache https://registry.npmjs.org/get-intrinsic 6ms (cache hit)
348 silly packumentCache full:https://registry.npmjs.org/get-intrinsic set size:60985 disposed:false
349 silly fetch manifest es-object-atoms@^1.1.1
350 silly packumentCache full:https://registry.npmjs.org/es-object-atoms cache-miss
351 http fetch GET 200 https://registry.npmjs.org/call-bind-apply-helpers 65ms (cache miss)
352 silly packumentCache full:https://registry.npmjs.org/call-bind-apply-helpers set size:undefined disposed:false
353 silly fetch manifest math-intrinsics@^1.1.0
354 silly packumentCache full:https://registry.npmjs.org/math-intrinsics cache-miss
355 http fetch GET 200 https://registry.npmjs.org/get-proto 65ms (cache miss)
356 silly packumentCache full:https://registry.npmjs.org/get-proto set size:undefined disposed:false
357 silly fetch manifest es-define-property@^1.0.1
358 silly packumentCache full:https://registry.npmjs.org/es-define-property cache-miss
359 http fetch GET 200 https://registry.npmjs.org/gopd 67ms (cache miss)
360 silly packumentCache full:https://registry.npmjs.org/gopd set size:undefined disposed:false
361 http fetch GET 200 https://registry.npmjs.org/hasown 70ms (cache miss)
362 silly packumentCache full:https://registry.npmjs.org/hasown set size:undefined disposed:false
363 http fetch GET 200 https://registry.npmjs.org/function-bind 71ms (cache miss)
364 silly packumentCache full:https://registry.npmjs.org/function-bind set size:undefined disposed:false
365 http fetch GET 200 https://registry.npmjs.org/has-symbols 71ms (cache miss)
366 silly packumentCache full:https://registry.npmjs.org/has-symbols set size:undefined disposed:false
367 http fetch GET 200 https://registry.npmjs.org/es-object-atoms 77ms (cache miss)
368 silly packumentCache full:https://registry.npmjs.org/es-object-atoms set size:undefined disposed:false
369 http fetch GET 200 https://registry.npmjs.org/math-intrinsics 72ms (cache miss)
370 silly packumentCache full:https://registry.npmjs.org/math-intrinsics set size:undefined disposed:false
371 http fetch GET 200 https://registry.npmjs.org/es-define-property 72ms (cache miss)
372 silly packumentCache full:https://registry.npmjs.org/es-define-property set size:undefined disposed:false
373 silly placeDep ROOT call-bind-apply-helpers@1.0.2 OK for: call-bound@1.0.4 want: ^1.0.2
374 silly placeDep ROOT function-bind@1.1.2 OK for: call-bind-apply-helpers@1.0.2 want: ^1.1.2
375 silly placeDep ROOT es-define-property@1.0.1 OK for: get-intrinsic@1.3.0 want: ^1.0.1
376 silly placeDep ROOT es-object-atoms@1.1.1 OK for: get-intrinsic@1.3.0 want: ^1.1.1
377 silly placeDep ROOT get-proto@1.0.1 OK for: get-intrinsic@1.3.0 want: ^1.0.1
378 silly placeDep ROOT gopd@1.2.0 OK for: get-intrinsic@1.3.0 want: ^1.2.0
379 silly placeDep ROOT has-symbols@1.1.0 OK for: get-intrinsic@1.3.0 want: ^1.1.0
380 silly placeDep ROOT hasown@2.0.2 OK for: get-intrinsic@1.3.0 want: ^2.0.2
381 silly placeDep ROOT math-intrinsics@1.1.0 OK for: get-intrinsic@1.3.0 want: ^1.1.0
382 silly fetch manifest dunder-proto@^1.0.1
383 silly packumentCache full:https://registry.npmjs.org/dunder-proto cache-miss
384 http fetch GET 200 https://registry.npmjs.org/dunder-proto 67ms (cache miss)
385 silly packumentCache full:https://registry.npmjs.org/dunder-proto set size:undefined disposed:false
386 silly placeDep ROOT dunder-proto@1.0.1 OK for: get-proto@1.0.1 want: ^1.0.1
387 silly placeDep ROOT media-typer@1.1.0 OK for: type-is@2.0.1 want: ^1.1.0
388 silly reify moves {}
389 silly audit bulk request {
389 silly audit   cors: [ '2.8.5' ],
389 silly audit   express: [ '5.1.0' ],
389 silly audit   zod: [ '4.1.12' ],
389 silly audit   'object-assign': [ '4.1.1' ],
389 silly audit   vary: [ '1.1.2' ],
389 silly audit   accepts: [ '2.0.0' ],
389 silly audit   'body-parser': [ '2.2.0' ],
389 silly audit   'content-disposition': [ '1.0.1' ],
389 silly audit   'content-type': [ '1.0.5' ],
389 silly audit   cookie: [ '0.7.2' ],
389 silly audit   'cookie-signature': [ '1.2.2' ],
389 silly audit   debug: [ '4.4.3' ],
389 silly audit   encodeurl: [ '2.0.0' ],
389 silly audit   'escape-html': [ '1.0.3' ],
389 silly audit   etag: [ '1.8.1' ],
389 silly audit   finalhandler: [ '2.1.0' ],
389 silly audit   fresh: [ '2.0.0' ],
389 silly audit   'http-errors': [ '2.0.0' ],
389 silly audit   'merge-descriptors': [ '2.0.0' ],
389 silly audit   'mime-types': [ '3.0.1' ],
389 silly audit   'on-finished': [ '2.4.1' ],
389 silly audit   once: [ '1.4.0' ],
389 silly audit   parseurl: [ '1.3.3' ],
389 silly audit   'proxy-addr': [ '2.0.7' ],
389 silly audit   qs: [ '6.14.0' ],
389 silly audit   'range-parser': [ '1.2.1' ],
389 silly audit   router: [ '2.2.0' ],
389 silly audit   send: [ '1.2.0' ],
389 silly audit   'serve-static': [ '2.2.0' ],
389 silly audit   statuses: [ '2.0.2', '2.0.1' ],
389 silly audit   'type-is': [ '2.0.1' ],
389 silly audit   negotiator: [ '1.0.0' ],
389 silly audit   bytes: [ '3.1.2' ],
389 silly audit   'iconv-lite': [ '0.6.3', '0.7.0' ],
389 silly audit   'raw-body': [ '3.0.1' ],
389 silly audit   ms: [ '2.1.3' ],
389 silly audit   depd: [ '2.0.0' ],
389 silly audit   inherits: [ '2.0.4' ],
389 silly audit   setprototypeof: [ '1.2.0' ],
389 silly audit   toidentifier: [ '1.0.1' ],
389 silly audit   'safer-buffer': [ '2.1.2' ],
389 silly audit   'mime-db': [ '1.54.0' ],
389 silly audit   'ee-first': [ '1.1.1' ],
389 silly audit   wrappy: [ '1.0.2' ],
389 silly audit   forwarded: [ '0.2.0' ],
389 silly audit   'ipaddr.js': [ '1.9.1' ],
389 silly audit   'side-channel': [ '1.1.0' ],
389 silly audit   unpipe: [ '1.0.0' ],
389 silly audit   'is-promise': [ '4.0.0' ],
389 silly audit   'path-to-regexp': [ '8.3.0' ],
389 silly audit   'es-errors': [ '1.3.0' ],
389 silly audit   'object-inspect': [ '1.13.4' ],
389 silly audit   'side-channel-list': [ '1.0.0' ],
389 silly audit   'side-channel-map': [ '1.0.1' ],
389 silly audit   'side-channel-weakmap': [ '1.0.2' ],
389 silly audit   'call-bound': [ '1.0.4' ],
389 silly audit   'get-intrinsic': [ '1.3.0' ],
389 silly audit   'call-bind-apply-helpers': [ '1.0.2' ],
389 silly audit   'function-bind': [ '1.1.2' ],
389 silly audit   'es-define-property': [ '1.0.1' ],
389 silly audit   'es-object-atoms': [ '1.1.1' ],
389 silly audit   'get-proto': [ '1.0.1' ],
389 silly audit   gopd: [ '1.2.0' ],
389 silly audit   'has-symbols': [ '1.1.0' ],
389 silly audit   hasown: [ '2.0.2' ],
389 silly audit   'math-intrinsics': [ '1.1.0' ],
389 silly audit   'dunder-proto': [ '1.0.1' ],
389 silly audit   'media-typer': [ '1.1.0' ]
389 silly audit }
390 http cache media-typer@https://registry.npmjs.org/media-typer/-/media-typer-1.1.0.tgz 0ms (cache hit)
391 http cache dunder-proto@https://registry.npmjs.org/dunder-proto/-/dunder-proto-1.0.1.tgz 0ms (cache hit)
392 http cache hasown@https://registry.npmjs.org/hasown/-/hasown-2.0.2.tgz 0ms (cache hit)
393 http cache has-symbols@https://registry.npmjs.org/has-symbols/-/has-symbols-1.1.0.tgz 1ms (cache hit)
394 http cache get-proto@https://registry.npmjs.org/get-proto/-/get-proto-1.0.1.tgz 0ms (cache hit)
395 http cache es-object-atoms@https://registry.npmjs.org/es-object-atoms/-/es-object-atoms-1.1.1.tgz 0ms (cache hit)
396 http cache gopd@https://registry.npmjs.org/gopd/-/gopd-1.2.0.tgz 0ms (cache hit)
397 http cache es-define-property@https://registry.npmjs.org/es-define-property/-/es-define-property-1.0.1.tgz 0ms (cache hit)
398 http cache function-bind@https://registry.npmjs.org/function-bind/-/function-bind-1.1.2.tgz 0ms (cache hit)
399 http cache get-intrinsic@https://registry.npmjs.org/get-intrinsic/-/get-intrinsic-1.3.0.tgz 0ms (cache hit)
400 http cache call-bind-apply-helpers@https://registry.npmjs.org/call-bind-apply-helpers/-/call-bind-apply-helpers-1.0.2.tgz 0ms (cache hit)
401 http cache side-channel-weakmap@https://registry.npmjs.org/side-channel-weakmap/-/side-channel-weakmap-1.0.2.tgz 0ms (cache hit)
402 http cache call-bound@https://registry.npmjs.org/call-bound/-/call-bound-1.0.4.tgz 0ms (cache hit)
403 http cache side-channel-map@https://registry.npmjs.org/side-channel-map/-/side-channel-map-1.0.1.tgz 0ms (cache hit)
404 http cache side-channel-list@https://registry.npmjs.org/side-channel-list/-/side-channel-list-1.0.0.tgz 0ms (cache hit)
405 http cache es-errors@https://registry.npmjs.org/es-errors/-/es-errors-1.3.0.tgz 0ms (cache hit)
406 http cache object-inspect@https://registry.npmjs.org/object-inspect/-/object-inspect-1.13.4.tgz 0ms (cache hit)
407 http cache path-to-regexp@https://registry.npmjs.org/path-to-regexp/-/path-to-regexp-8.3.0.tgz 0ms (cache hit)
408 http cache is-promise@https://registry.npmjs.org/is-promise/-/is-promise-4.0.0.tgz 0ms (cache hit)
409 http cache unpipe@https://registry.npmjs.org/unpipe/-/unpipe-1.0.0.tgz 0ms (cache hit)
410 http cache side-channel@https://registry.npmjs.org/side-channel/-/side-channel-1.1.0.tgz 0ms (cache hit)
411 http cache math-intrinsics@https://registry.npmjs.org/math-intrinsics/-/math-intrinsics-1.1.0.tgz 0ms (cache hit)
412 http cache ipaddr.js@https://registry.npmjs.org/ipaddr.js/-/ipaddr.js-1.9.1.tgz 0ms (cache hit)
413 http cache wrappy@https://registry.npmjs.org/wrappy/-/wrappy-1.0.2.tgz 0ms (cache hit)
414 http cache ee-first@https://registry.npmjs.org/ee-first/-/ee-first-1.1.1.tgz 0ms (cache hit)
415 http cache forwarded@https://registry.npmjs.org/forwarded/-/forwarded-0.2.0.tgz 0ms (cache hit)
416 http cache safer-buffer@https://registry.npmjs.org/safer-buffer/-/safer-buffer-2.1.2.tgz 0ms (cache hit)
417 http cache toidentifier@https://registry.npmjs.org/toidentifier/-/toidentifier-1.0.1.tgz 0ms (cache hit)
418 http cache setprototypeof@https://registry.npmjs.org/setprototypeof/-/setprototypeof-1.2.0.tgz 0ms (cache hit)
419 http cache inherits@https://registry.npmjs.org/inherits/-/inherits-2.0.4.tgz 0ms (cache hit)
420 http cache depd@https://registry.npmjs.org/depd/-/depd-2.0.0.tgz 0ms (cache hit)
421 http cache ms@https://registry.npmjs.org/ms/-/ms-2.1.3.tgz 0ms (cache hit)
422 http cache iconv-lite@https://registry.npmjs.org/iconv-lite/-/iconv-lite-0.6.3.tgz 1ms (cache hit)
423 http cache raw-body@https://registry.npmjs.org/raw-body/-/raw-body-3.0.1.tgz 0ms (cache hit)
424 http cache negotiator@https://registry.npmjs.org/negotiator/-/negotiator-1.0.0.tgz 0ms (cache hit)
425 http cache bytes@https://registry.npmjs.org/bytes/-/bytes-3.1.2.tgz 0ms (cache hit)
426 http cache type-is@https://registry.npmjs.org/type-is/-/type-is-2.0.1.tgz 0ms (cache hit)
427 http cache statuses@https://registry.npmjs.org/statuses/-/statuses-2.0.2.tgz 0ms (cache hit)
428 http cache serve-static@https://registry.npmjs.org/serve-static/-/serve-static-2.2.0.tgz 0ms (cache hit)
429 http cache send@https://registry.npmjs.org/send/-/send-1.2.0.tgz 0ms (cache hit)
430 http cache router@https://registry.npmjs.org/router/-/router-2.2.0.tgz 0ms (cache hit)
431 http cache range-parser@https://registry.npmjs.org/range-parser/-/range-parser-1.2.1.tgz 0ms (cache hit)
432 http cache qs@https://registry.npmjs.org/qs/-/qs-6.14.0.tgz 0ms (cache hit)
433 http cache proxy-addr@https://registry.npmjs.org/proxy-addr/-/proxy-addr-2.0.7.tgz 0ms (cache hit)
434 http cache on-finished@https://registry.npmjs.org/on-finished/-/on-finished-2.4.1.tgz 0ms (cache hit)
435 http cache once@https://registry.npmjs.org/once/-/once-1.4.0.tgz 0ms (cache hit)
436 http cache parseurl@https://registry.npmjs.org/parseurl/-/parseurl-1.3.3.tgz 0ms (cache hit)
437 http cache mime-types@https://registry.npmjs.org/mime-types/-/mime-types-3.0.1.tgz 0ms (cache hit)
438 http cache merge-descriptors@https://registry.npmjs.org/merge-descriptors/-/merge-descriptors-2.0.0.tgz 0ms (cache hit)
439 http cache fresh@https://registry.npmjs.org/fresh/-/fresh-2.0.0.tgz 0ms (cache hit)
440 http cache http-errors@https://registry.npmjs.org/http-errors/-/http-errors-2.0.0.tgz 0ms (cache hit)
441 http cache mime-db@https://registry.npmjs.org/mime-db/-/mime-db-1.54.0.tgz 0ms (cache hit)
442 http cache finalhandler@https://registry.npmjs.org/finalhandler/-/finalhandler-2.1.0.tgz 0ms (cache hit)
443 http cache escape-html@https://registry.npmjs.org/escape-html/-/escape-html-1.0.3.tgz 0ms (cache hit)
444 http cache etag@https://registry.npmjs.org/etag/-/etag-1.8.1.tgz 0ms (cache hit)
445 http cache cookie@https://registry.npmjs.org/cookie/-/cookie-0.7.2.tgz 0ms (cache hit)
446 http cache encodeurl@https://registry.npmjs.org/encodeurl/-/encodeurl-2.0.0.tgz 0ms (cache hit)
447 http cache cookie-signature@https://registry.npmjs.org/cookie-signature/-/cookie-signature-1.2.2.tgz 0ms (cache hit)
448 http cache content-type@https://registry.npmjs.org/content-type/-/content-type-1.0.5.tgz 0ms (cache hit)
449 http cache body-parser@https://registry.npmjs.org/body-parser/-/body-parser-2.2.0.tgz 0ms (cache hit)
450 http cache content-disposition@https://registry.npmjs.org/content-disposition/-/content-disposition-1.0.1.tgz 0ms (cache hit)
451 http cache debug@https://registry.npmjs.org/debug/-/debug-4.4.3.tgz 0ms (cache hit)
452 http cache vary@https://registry.npmjs.org/vary/-/vary-1.1.2.tgz 0ms (cache hit)
453 http cache zod@https://registry.npmjs.org/zod/-/zod-4.1.12.tgz 0ms (cache hit)
454 http cache accepts@https://registry.npmjs.org/accepts/-/accepts-2.0.0.tgz 0ms (cache hit)
455 http cache express@https://registry.npmjs.org/express/-/express-5.1.0.tgz 0ms (cache hit)
456 http cache cors@https://registry.npmjs.org/cors/-/cors-2.8.5.tgz 0ms (cache hit)
457 http cache iconv-lite@https://registry.npmjs.org/iconv-lite/-/iconv-lite-0.7.0.tgz 0ms (cache hit)
458 http cache statuses@https://registry.npmjs.org/statuses/-/statuses-2.0.1.tgz 0ms (cache hit)
459 http cache object-assign@https://registry.npmjs.org/object-assign/-/object-assign-4.1.1.tgz 0ms (cache hit)
460 silly tarball no local data for media-typer@https://registry.npmjs.org/media-typer/-/media-typer-1.1.0.tgz. Extracting by manifest.
461 silly tarball no local data for dunder-proto@https://registry.npmjs.org/dunder-proto/-/dunder-proto-1.0.1.tgz. Extracting by manifest.
462 silly tarball no local data for hasown@https://registry.npmjs.org/hasown/-/hasown-2.0.2.tgz. Extracting by manifest.
463 silly tarball no local data for has-symbols@https://registry.npmjs.org/has-symbols/-/has-symbols-1.1.0.tgz. Extracting by manifest.
464 silly tarball no local data for get-proto@https://registry.npmjs.org/get-proto/-/get-proto-1.0.1.tgz. Extracting by manifest.
465 silly tarball no local data for es-object-atoms@https://registry.npmjs.org/es-object-atoms/-/es-object-atoms-1.1.1.tgz. Extracting by manifest.
466 silly tarball no local data for gopd@https://registry.npmjs.org/gopd/-/gopd-1.2.0.tgz. Extracting by manifest.
467 silly tarball no local data for es-define-property@https://registry.npmjs.org/es-define-property/-/es-define-property-1.0.1.tgz. Extracting by manifest.
468 silly tarball no local data for function-bind@https://registry.npmjs.org/function-bind/-/function-bind-1.1.2.tgz. Extracting by manifest.
469 silly tarball no local data for get-intrinsic@https://registry.npmjs.org/get-intrinsic/-/get-intrinsic-1.3.0.tgz. Extracting by manifest.
470 silly tarball no local data for call-bind-apply-helpers@https://registry.npmjs.org/call-bind-apply-helpers/-/call-bind-apply-helpers-1.0.2.tgz. Extracting by manifest.
471 silly tarball no local data for side-channel-weakmap@https://registry.npmjs.org/side-channel-weakmap/-/side-channel-weakmap-1.0.2.tgz. Extracting by manifest.
472 silly tarball no local data for call-bound@https://registry.npmjs.org/call-bound/-/call-bound-1.0.4.tgz. Extracting by manifest.
473 silly tarball no local data for side-channel-map@https://registry.npmjs.org/side-channel-map/-/side-channel-map-1.0.1.tgz. Extracting by manifest.
474 silly tarball no local data for side-channel-list@https://registry.npmjs.org/side-channel-list/-/side-channel-list-1.0.0.tgz. Extracting by manifest.
475 silly tarball no local data for es-errors@https://registry.npmjs.org/es-errors/-/es-errors-1.3.0.tgz. Extracting by manifest.
476 silly tarball no local data for object-inspect@https://registry.npmjs.org/object-inspect/-/object-inspect-1.13.4.tgz. Extracting by manifest.
477 silly tarball no local data for path-to-regexp@https://registry.npmjs.org/path-to-regexp/-/path-to-regexp-8.3.0.tgz. Extracting by manifest.
478 silly tarball no local data for is-promise@https://registry.npmjs.org/is-promise/-/is-promise-4.0.0.tgz. Extracting by manifest.
479 silly tarball no local data for unpipe@https://registry.npmjs.org/unpipe/-/unpipe-1.0.0.tgz. Extracting by manifest.
480 silly tarball no local data for side-channel@https://registry.npmjs.org/side-channel/-/side-channel-1.1.0.tgz. Extracting by manifest.
481 silly tarball no local data for math-intrinsics@https://registry.npmjs.org/math-intrinsics/-/math-intrinsics-1.1.0.tgz. Extracting by manifest.
482 silly tarball no local data for ipaddr.js@https://registry.npmjs.org/ipaddr.js/-/ipaddr.js-1.9.1.tgz. Extracting by manifest.
483 silly tarball no local data for wrappy@https://registry.npmjs.org/wrappy/-/wrappy-1.0.2.tgz. Extracting by manifest.
484 silly tarball no local data for ee-first@https://registry.npmjs.org/ee-first/-/ee-first-1.1.1.tgz. Extracting by manifest.
485 silly tarball no local data for forwarded@https://registry.npmjs.org/forwarded/-/forwarded-0.2.0.tgz. Extracting by manifest.
486 silly tarball no local data for safer-buffer@https://registry.npmjs.org/safer-buffer/-/safer-buffer-2.1.2.tgz. Extracting by manifest.
487 silly tarball no local data for toidentifier@https://registry.npmjs.org/toidentifier/-/toidentifier-1.0.1.tgz. Extracting by manifest.
488 silly tarball no local data for setprototypeof@https://registry.npmjs.org/setprototypeof/-/setprototypeof-1.2.0.tgz. Extracting by manifest.
489 silly tarball no local data for inherits@https://registry.npmjs.org/inherits/-/inherits-2.0.4.tgz. Extracting by manifest.
490 silly tarball no local data for depd@https://registry.npmjs.org/depd/-/depd-2.0.0.tgz. Extracting by manifest.
491 silly tarball no local data for iconv-lite@https://registry.npmjs.org/iconv-lite/-/iconv-lite-0.6.3.tgz. Extracting by manifest.
492 silly tarball no local data for raw-body@https://registry.npmjs.org/raw-body/-/raw-body-3.0.1.tgz. Extracting by manifest.
493 silly tarball no local data for negotiator@https://registry.npmjs.org/negotiator/-/negotiator-1.0.0.tgz. Extracting by manifest.
494 silly tarball no local data for bytes@https://registry.npmjs.org/bytes/-/bytes-3.1.2.tgz. Extracting by manifest.
495 silly tarball no local data for type-is@https://registry.npmjs.org/type-is/-/type-is-2.0.1.tgz. Extracting by manifest.
496 silly tarball no local data for statuses@https://registry.npmjs.org/statuses/-/statuses-2.0.2.tgz. Extracting by manifest.
497 silly tarball no local data for serve-static@https://registry.npmjs.org/serve-static/-/serve-static-2.2.0.tgz. Extracting by manifest.
498 silly tarball no local data for send@https://registry.npmjs.org/send/-/send-1.2.0.tgz. Extracting by manifest.
499 silly tarball no local data for router@https://registry.npmjs.org/router/-/router-2.2.0.tgz. Extracting by manifest.
500 silly tarball no local data for range-parser@https://registry.npmjs.org/range-parser/-/range-parser-1.2.1.tgz. Extracting by manifest.
501 silly tarball no local data for qs@https://registry.npmjs.org/qs/-/qs-6.14.0.tgz. Extracting by manifest.
502 silly tarball no local data for proxy-addr@https://registry.npmjs.org/proxy-addr/-/proxy-addr-2.0.7.tgz. Extracting by manifest.
503 silly tarball no local data for on-finished@https://registry.npmjs.org/on-finished/-/on-finished-2.4.1.tgz. Extracting by manifest.
504 silly tarball no local data for once@https://registry.npmjs.org/once/-/once-1.4.0.tgz. Extracting by manifest.
505 silly tarball no local data for parseurl@https://registry.npmjs.org/parseurl/-/parseurl-1.3.3.tgz. Extracting by manifest.
506 silly tarball no local data for mime-types@https://registry.npmjs.org/mime-types/-/mime-types-3.0.1.tgz. Extracting by manifest.
507 silly tarball no local data for merge-descriptors@https://registry.npmjs.org/merge-descriptors/-/merge-descriptors-2.0.0.tgz. Extracting by manifest.
508 silly tarball no local data for fresh@https://registry.npmjs.org/fresh/-/fresh-2.0.0.tgz. Extracting by manifest.
509 silly tarball no local data for http-errors@https://registry.npmjs.org/http-errors/-/http-errors-2.0.0.tgz. Extracting by manifest.
510 silly tarball no local data for mime-db@https://registry.npmjs.org/mime-db/-/mime-db-1.54.0.tgz. Extracting by manifest.
511 silly tarball no local data for finalhandler@https://registry.npmjs.org/finalhandler/-/finalhandler-2.1.0.tgz. Extracting by manifest.
512 silly tarball no local data for escape-html@https://registry.npmjs.org/escape-html/-/escape-html-1.0.3.tgz. Extracting by manifest.
513 silly tarball no local data for etag@https://registry.npmjs.org/etag/-/etag-1.8.1.tgz. Extracting by manifest.
514 silly tarball no local data for cookie@https://registry.npmjs.org/cookie/-/cookie-0.7.2.tgz. Extracting by manifest.
515 silly tarball no local data for encodeurl@https://registry.npmjs.org/encodeurl/-/encodeurl-2.0.0.tgz. Extracting by manifest.
516 silly tarball no local data for cookie-signature@https://registry.npmjs.org/cookie-signature/-/cookie-signature-1.2.2.tgz. Extracting by manifest.
517 silly tarball no local data for content-type@https://registry.npmjs.org/content-type/-/content-type-1.0.5.tgz. Extracting by manifest.
518 silly tarball no local data for body-parser@https://registry.npmjs.org/body-parser/-/body-parser-2.2.0.tgz. Extracting by manifest.
519 silly tarball no local data for content-disposition@https://registry.npmjs.org/content-disposition/-/content-disposition-1.0.1.tgz. Extracting by manifest.
520 silly tarball no local data for vary@https://registry.npmjs.org/vary/-/vary-1.1.2.tgz. Extracting by manifest.
521 silly tarball no local data for accepts@https://registry.npmjs.org/accepts/-/accepts-2.0.0.tgz. Extracting by manifest.
522 silly tarball no local data for express@https://registry.npmjs.org/express/-/express-5.1.0.tgz. Extracting by manifest.
523 silly tarball no local data for cors@https://registry.npmjs.org/cors/-/cors-2.8.5.tgz. Extracting by manifest.
524 silly tarball no local data for iconv-lite@https://registry.npmjs.org/iconv-lite/-/iconv-lite-0.7.0.tgz. Extracting by manifest.
525 silly tarball no local data for statuses@https://registry.npmjs.org/statuses/-/statuses-2.0.1.tgz. Extracting by manifest.
526 silly tarball no local data for object-assign@https://registry.npmjs.org/object-assign/-/object-assign-4.1.1.tgz. Extracting by manifest.
527 http fetch GET 200 https://registry.npmjs.org/media-typer/-/media-typer-1.1.0.tgz 78ms (cache miss)
528 http fetch GET 200 https://registry.npmjs.org/dunder-proto/-/dunder-proto-1.0.1.tgz 79ms (cache miss)
529 http fetch GET 200 https://registry.npmjs.org/has-symbols/-/has-symbols-1.1.0.tgz 80ms (cache miss)
530 http fetch GET 200 https://registry.npmjs.org/hasown/-/hasown-2.0.2.tgz 82ms (cache miss)
531 http fetch GET 200 https://registry.npmjs.org/es-object-atoms/-/es-object-atoms-1.1.1.tgz 81ms (cache miss)
532 http fetch GET 200 https://registry.npmjs.org/get-proto/-/get-proto-1.0.1.tgz 82ms (cache miss)
533 http fetch GET 200 https://registry.npmjs.org/side-channel-list/-/side-channel-list-1.0.0.tgz 122ms (cache miss)
534 http fetch GET 200 https://registry.npmjs.org/es-errors/-/es-errors-1.3.0.tgz 140ms (cache miss)
535 http fetch GET 200 https://registry.npmjs.org/is-promise/-/is-promise-4.0.0.tgz 141ms (cache miss)
536 http fetch GET 200 https://registry.npmjs.org/unpipe/-/unpipe-1.0.0.tgz 142ms (cache miss)
537 http fetch GET 200 https://registry.npmjs.org/object-inspect/-/object-inspect-1.13.4.tgz 144ms (cache miss)
538 http fetch GET 200 https://registry.npmjs.org/path-to-regexp/-/path-to-regexp-8.3.0.tgz 162ms (cache miss)
539 http fetch GET 200 https://registry.npmjs.org/math-intrinsics/-/math-intrinsics-1.1.0.tgz 191ms (cache miss)
540 http fetch GET 200 https://registry.npmjs.org/ipaddr.js/-/ipaddr.js-1.9.1.tgz 204ms (cache miss)
541 http fetch GET 200 https://registry.npmjs.org/side-channel/-/side-channel-1.1.0.tgz 209ms (cache miss)
542 http fetch GET 200 https://registry.npmjs.org/wrappy/-/wrappy-1.0.2.tgz 209ms (cache miss)
543 http fetch GET 200 https://registry.npmjs.org/ee-first/-/ee-first-1.1.1.tgz 209ms (cache miss)
544 http fetch GET 200 https://registry.npmjs.org/gopd/-/gopd-1.2.0.tgz 217ms (cache miss)
545 http fetch GET 200 https://registry.npmjs.org/function-bind/-/function-bind-1.1.2.tgz 216ms (cache miss)
546 http fetch GET 200 https://registry.npmjs.org/side-channel-map/-/side-channel-map-1.0.1.tgz 219ms (cache miss)
547 http fetch GET 200 https://registry.npmjs.org/es-define-property/-/es-define-property-1.0.1.tgz 220ms (cache miss)
548 http fetch GET 200 https://registry.npmjs.org/call-bind-apply-helpers/-/call-bind-apply-helpers-1.0.2.tgz 221ms (cache miss)
549 http fetch GET 200 https://registry.npmjs.org/get-intrinsic/-/get-intrinsic-1.3.0.tgz 223ms (cache miss)
550 http fetch GET 200 https://registry.npmjs.org/side-channel-weakmap/-/side-channel-weakmap-1.0.2.tgz 223ms (cache miss)
551 http fetch GET 200 https://registry.npmjs.org/forwarded/-/forwarded-0.2.0.tgz 229ms (cache miss)
552 http fetch GET 200 https://registry.npmjs.org/call-bound/-/call-bound-1.0.4.tgz 241ms (cache miss)
553 http fetch GET 200 https://registry.npmjs.org/setprototypeof/-/setprototypeof-1.2.0.tgz 258ms (cache miss)
554 http fetch GET 200 https://registry.npmjs.org/toidentifier/-/toidentifier-1.0.1.tgz 265ms (cache miss)
555 http fetch GET 200 https://registry.npmjs.org/negotiator/-/negotiator-1.0.0.tgz 265ms (cache miss)
556 http fetch GET 200 https://registry.npmjs.org/raw-body/-/raw-body-3.0.1.tgz 265ms (cache miss)
557 http fetch GET 200 https://registry.npmjs.org/safer-buffer/-/safer-buffer-2.1.2.tgz 271ms (cache miss)
558 http fetch GET 200 https://registry.npmjs.org/bytes/-/bytes-3.1.2.tgz 279ms (cache miss)
559 http fetch GET 200 https://registry.npmjs.org/type-is/-/type-is-2.0.1.tgz 279ms (cache miss)
560 http fetch GET 200 https://registry.npmjs.org/serve-static/-/serve-static-2.2.0.tgz 284ms (cache miss)
561 http fetch GET 200 https://registry.npmjs.org/depd/-/depd-2.0.0.tgz 288ms (cache miss)
562 http fetch GET 200 https://registry.npmjs.org/send/-/send-1.2.0.tgz 288ms (cache miss)
563 http fetch GET 200 https://registry.npmjs.org/statuses/-/statuses-2.0.2.tgz 289ms (cache miss)
564 http fetch GET 200 https://registry.npmjs.org/router/-/router-2.2.0.tgz 295ms (cache miss)
565 http fetch GET 200 https://registry.npmjs.org/range-parser/-/range-parser-1.2.1.tgz 313ms (cache miss)
566 http fetch GET 200 https://registry.npmjs.org/on-finished/-/on-finished-2.4.1.tgz 320ms (cache miss)
567 http fetch POST 200 https://registry.npmjs.org/-/npm/v1/security/advisories/bulk 342ms
568 silly audit report {}
569 http fetch GET 200 https://registry.npmjs.org/proxy-addr/-/proxy-addr-2.0.7.tgz 321ms (cache miss)
570 http fetch GET 200 https://registry.npmjs.org/once/-/once-1.4.0.tgz 330ms (cache miss)
571 http fetch GET 200 https://registry.npmjs.org/parseurl/-/parseurl-1.3.3.tgz 338ms (cache miss)
572 http fetch GET 200 https://registry.npmjs.org/mime-types/-/mime-types-3.0.1.tgz 343ms (cache miss)
573 http fetch GET 200 https://registry.npmjs.org/fresh/-/fresh-2.0.0.tgz 345ms (cache miss)
574 http fetch GET 200 https://registry.npmjs.org/mime-db/-/mime-db-1.54.0.tgz 348ms (cache miss)
575 http fetch GET 200 https://registry.npmjs.org/merge-descriptors/-/merge-descriptors-2.0.0.tgz 352ms (cache miss)
576 http fetch GET 200 https://registry.npmjs.org/finalhandler/-/finalhandler-2.1.0.tgz 357ms (cache miss)
577 http fetch GET 200 https://registry.npmjs.org/http-errors/-/http-errors-2.0.0.tgz 361ms (cache miss)
578 http fetch GET 200 https://registry.npmjs.org/escape-html/-/escape-html-1.0.3.tgz 365ms (cache miss)
579 http fetch GET 200 https://registry.npmjs.org/etag/-/etag-1.8.1.tgz 376ms (cache miss)
580 http fetch GET 200 https://registry.npmjs.org/cookie/-/cookie-0.7.2.tgz 380ms (cache miss)
581 http fetch GET 200 https://registry.npmjs.org/cookie-signature/-/cookie-signature-1.2.2.tgz 388ms (cache miss)
582 http fetch GET 200 https://registry.npmjs.org/encodeurl/-/encodeurl-2.0.0.tgz 389ms (cache miss)
583 http fetch GET 200 https://registry.npmjs.org/inherits/-/inherits-2.0.4.tgz 393ms (cache miss)
584 http fetch GET 200 https://registry.npmjs.org/content-type/-/content-type-1.0.5.tgz 399ms (cache miss)
585 http fetch GET 200 https://registry.npmjs.org/content-disposition/-/content-disposition-1.0.1.tgz 407ms (cache miss)
586 http fetch GET 200 https://registry.npmjs.org/vary/-/vary-1.1.2.tgz 413ms (cache miss)
587 http fetch GET 200 https://registry.npmjs.org/accepts/-/accepts-2.0.0.tgz 413ms (cache miss)
588 http fetch GET 200 https://registry.npmjs.org/body-parser/-/body-parser-2.2.0.tgz 415ms (cache miss)
589 http fetch GET 200 https://registry.npmjs.org/express/-/express-5.1.0.tgz 438ms (cache miss)
590 http fetch GET 200 https://registry.npmjs.org/statuses/-/statuses-2.0.1.tgz 441ms (cache miss)
591 http fetch GET 200 https://registry.npmjs.org/cors/-/cors-2.8.5.tgz 442ms (cache miss)
592 http fetch GET 200 https://registry.npmjs.org/object-assign/-/object-assign-4.1.1.tgz 449ms (cache miss)
593 http fetch GET 200 https://registry.npmjs.org/iconv-lite/-/iconv-lite-0.7.0.tgz 532ms (cache miss)
594 http fetch GET 200 https://registry.npmjs.org/qs/-/qs-6.14.0.tgz 580ms (cache miss)
595 http fetch GET 200 https://registry.npmjs.org/iconv-lite/-/iconv-lite-0.6.3.tgz 782ms (cache miss)
596 silly ADD node_modules/media-typer
597 silly ADD node_modules/dunder-proto
598 silly ADD node_modules/math-intrinsics
599 silly ADD node_modules/hasown
600 silly ADD node_modules/has-symbols
601 silly ADD node_modules/gopd
602 silly ADD node_modules/get-proto
603 silly ADD node_modules/es-object-atoms
604 silly ADD node_modules/es-define-property
605 silly ADD node_modules/function-bind
606 silly ADD node_modules/call-bind-apply-helpers
607 silly ADD node_modules/get-intrinsic
608 silly ADD node_modules/call-bound
609 silly ADD node_modules/side-channel-weakmap
610 silly ADD node_modules/side-channel-map
611 silly ADD node_modules/side-channel-list
612 silly ADD node_modules/object-inspect
613 silly ADD node_modules/es-errors
614 silly ADD node_modules/path-to-regexp
615 silly ADD node_modules/is-promise
616 silly ADD node_modules/unpipe
617 silly ADD node_modules/side-channel
618 silly ADD node_modules/ipaddr.js
619 silly ADD node_modules/forwarded
620 silly ADD node_modules/wrappy
621 silly ADD node_modules/ee-first
622 silly ADD node_modules/mime-db
623 silly ADD node_modules/safer-buffer
624 silly ADD node_modules/toidentifier
625 silly ADD node_modules/setprototypeof
626 silly ADD node_modules/inherits
627 silly ADD node_modules/depd
628 silly ADD node_modules/ms
629 silly ADD node_modules/raw-body
630 silly ADD node_modules/raw-body/node_modules/iconv-lite
631 silly ADD node_modules/iconv-lite
632 silly ADD node_modules/bytes
633 silly ADD node_modules/negotiator
634 silly ADD node_modules/type-is
635 silly ADD node_modules/statuses
636 silly ADD node_modules/serve-static
637 silly ADD node_modules/send
638 silly ADD node_modules/router
639 silly ADD node_modules/range-parser
640 silly ADD node_modules/qs
641 silly ADD node_modules/proxy-addr
642 silly ADD node_modules/parseurl
643 silly ADD node_modules/once
644 silly ADD node_modules/on-finished
645 silly ADD node_modules/mime-types
646 silly ADD node_modules/merge-descriptors
647 silly ADD node_modules/http-errors
648 silly ADD node_modules/http-errors/node_modules/statuses
649 silly ADD node_modules/fresh
650 silly ADD node_modules/finalhandler
651 silly ADD node_modules/etag
652 silly ADD node_modules/escape-html
653 silly ADD node_modules/encodeurl
654 silly ADD node_modules/debug
655 silly ADD node_modules/cookie-signature
656 silly ADD node_modules/cookie
657 silly ADD node_modules/content-type
658 silly ADD node_modules/content-disposition
659 silly ADD node_modules/body-parser
660 silly ADD node_modules/accepts
661 silly ADD node_modules/vary
662 silly ADD node_modules/object-assign
663 silly ADD node_modules/zod
664 silly ADD node_modules/express
665 silly ADD node_modules/cors
666 verbose cwd /Users/sornalisen/Desktop/career.ai/server
667 verbose os Darwin 24.6.0
668 verbose node v22.17.1
669 verbose npm  v10.9.2
670 verbose exit 0
671 info ok
