0 verbose cli /usr/local/bin/node /usr/local/bin/npm
1 info using npm@10.9.2
2 info using node@v22.17.1
3 silly config load:file:/usr/local/lib/node_modules/npm/npmrc
4 silly config load:file:/Users/sornalisen/Desktop/career.ai/frontend/.npmrc
5 silly config load:file:/Users/sornalisen/.npmrc
6 silly config load:file:/usr/local/etc/npmrc
7 verbose title npm install react-router-dom
8 verbose argv "install" "react-router-dom"
9 verbose logfile logs-max:10 dir:/Users/sornalisen/Desktop/career.ai/.npm-cache/_logs/2025-11-19T15_00_05_598Z-
10 verbose logfile /Users/sornalisen/Desktop/career.ai/.npm-cache/_logs/2025-11-19T15_00_05_598Z-debug-0.log
11 silly logfile done cleaning log files
12 silly packumentCache heap:2197815296 maxSize:549453824 maxEntrySize:274726912
13 silly idealTree buildDeps
14 silly fetch manifest react-router-dom@*
15 silly packumentCache full:https://registry.npmjs.org/react-router-dom cache-miss
16 verbose shrinkwrap failed to load node_modules/.package-lock.json out of date, updated: node_modules
17 http fetch GET 200 https://registry.npmjs.org/react-router-dom 419ms (cache miss)
18 silly packumentCache full:https://registry.npmjs.org/react-router-dom set size:undefined disposed:false
19 silly fetch manifest react@^19.2.0
20 silly packumentCache full:https://registry.npmjs.org/react cache-miss
21 http fetch GET 200 https://registry.npmjs.org/react 91ms (cache revalidated)
22 silly packumentCache full:https://registry.npmjs.org/react set size:6272019 disposed:false
23 silly fetch manifest react-dom@^19.2.0
24 silly packumentCache full:https://registry.npmjs.org/react-dom cache-miss
25 http fetch GET 200 https://registry.npmjs.org/react-dom 83ms (cache revalidated)
26 silly packumentCache full:https://registry.npmjs.org/react-dom set size:8219783 disposed:false
27 silly placeDep ROOT react-router-dom@7.9.6 OK for: frontend@0.0.0 want: *
28 silly fetch manifest react-router@7.9.6
29 silly packumentCache full:https://registry.npmjs.org/react-router cache-miss
30 http fetch GET 200 https://registry.npmjs.org/react-router 149ms (cache miss)
31 silly packumentCache full:https://registry.npmjs.org/react-router set size:undefined disposed:false
32 silly fetch manifest react@>=18
33 silly packumentCache full:https://registry.npmjs.org/react cache-miss
34 http cache https://registry.npmjs.org/react 9ms (cache hit)
35 silly packumentCache full:https://registry.npmjs.org/react set size:6272019 disposed:false
36 silly fetch manifest react-dom@>=18
37 silly packumentCache full:https://registry.npmjs.org/react-dom cache-miss
38 http cache https://registry.npmjs.org/react-dom 11ms (cache hit)
39 silly packumentCache full:https://registry.npmjs.org/react-dom set size:8219783 disposed:false
40 silly placeDep ROOT react-router@7.9.6 OK for: react-router-dom@7.9.6 want: 7.9.6
41 silly fetch manifest cookie@^1.0.1
42 silly packumentCache full:https://registry.npmjs.org/cookie cache-miss
43 silly fetch manifest set-cookie-parser@^2.6.0
44 silly packumentCache full:https://registry.npmjs.org/set-cookie-parser cache-miss
45 http fetch GET 200 https://registry.npmjs.org/set-cookie-parser 72ms (cache miss)
46 silly packumentCache full:https://registry.npmjs.org/set-cookie-parser set size:undefined disposed:false
47 http fetch GET 200 https://registry.npmjs.org/cookie 208ms (cache revalidated)
48 silly packumentCache full:https://registry.npmjs.org/cookie set size:67180 disposed:false
49 silly placeDep ROOT cookie@1.0.2 OK for: react-router@7.9.6 want: ^1.0.1
50 silly placeDep ROOT set-cookie-parser@2.7.2 OK for: react-router@7.9.6 want: ^2.6.0
51 silly reify moves {}
52 silly audit bulk request {
52 silly audit   '@babel/code-frame': [ '7.27.1' ],
52 silly audit   '@babel/compat-data': [ '7.28.5' ],
52 silly audit   '@babel/core': [ '7.28.5' ],
52 silly audit   '@babel/generator': [ '7.28.5' ],
52 silly audit   '@babel/helper-compilation-targets': [ '7.27.2' ],
52 silly audit   '@babel/helper-globals': [ '7.28.0' ],
52 silly audit   '@babel/helper-module-imports': [ '7.27.1' ],
52 silly audit   '@babel/helper-module-transforms': [ '7.28.3' ],
52 silly audit   '@babel/helper-plugin-utils': [ '7.27.1' ],
52 silly audit   '@babel/helper-string-parser': [ '7.27.1' ],
52 silly audit   '@babel/helper-validator-identifier': [ '7.28.5' ],
52 silly audit   '@babel/helper-validator-option': [ '7.27.1' ],
52 silly audit   '@babel/helpers': [ '7.28.4' ],
52 silly audit   '@babel/parser': [ '7.28.5' ],
52 silly audit   '@babel/plugin-transform-react-jsx-self': [ '7.27.1' ],
52 silly audit   '@babel/plugin-transform-react-jsx-source': [ '7.27.1' ],
52 silly audit   '@babel/template': [ '7.27.2' ],
52 silly audit   '@babel/traverse': [ '7.28.5' ],
52 silly audit   '@babel/types': [ '7.28.5' ],
52 silly audit   '@esbuild/aix-ppc64': [ '0.25.12' ],
52 silly audit   '@esbuild/android-arm': [ '0.25.12' ],
52 silly audit   '@esbuild/android-arm64': [ '0.25.12' ],
52 silly audit   '@esbuild/android-x64': [ '0.25.12' ],
52 silly audit   '@esbuild/darwin-arm64': [ '0.25.12' ],
52 silly audit   '@esbuild/darwin-x64': [ '0.25.12' ],
52 silly audit   '@esbuild/freebsd-arm64': [ '0.25.12' ],
52 silly audit   '@esbuild/freebsd-x64': [ '0.25.12' ],
52 silly audit   '@esbuild/linux-arm': [ '0.25.12' ],
52 silly audit   '@esbuild/linux-arm64': [ '0.25.12' ],
52 silly audit   '@esbuild/linux-ia32': [ '0.25.12' ],
52 silly audit   '@esbuild/linux-loong64': [ '0.25.12' ],
52 silly audit   '@esbuild/linux-mips64el': [ '0.25.12' ],
52 silly audit   '@esbuild/linux-ppc64': [ '0.25.12' ],
52 silly audit   '@esbuild/linux-riscv64': [ '0.25.12' ],
52 silly audit   '@esbuild/linux-s390x': [ '0.25.12' ],
52 silly audit   '@esbuild/linux-x64': [ '0.25.12' ],
52 silly audit   '@esbuild/netbsd-arm64': [ '0.25.12' ],
52 silly audit   '@esbuild/netbsd-x64': [ '0.25.12' ],
52 silly audit   '@esbuild/openbsd-arm64': [ '0.25.12' ],
52 silly audit   '@esbuild/openbsd-x64': [ '0.25.12' ],
52 silly audit   '@esbuild/openharmony-arm64': [ '0.25.12' ],
52 silly audit   '@esbuild/sunos-x64': [ '0.25.12' ],
52 silly audit   '@esbuild/win32-arm64': [ '0.25.12' ],
52 silly audit   '@esbuild/win32-ia32': [ '0.25.12' ],
52 silly audit   '@esbuild/win32-x64': [ '0.25.12' ],
52 silly audit   '@eslint-community/eslint-utils': [ '4.9.0' ],
52 silly audit   'eslint-visitor-keys': [ '3.4.3', '4.2.1' ],
52 silly audit   '@eslint-community/regexpp': [ '4.12.2' ],
52 silly audit   '@eslint/config-array': [ '0.21.1' ],
52 silly audit   '@eslint/config-helpers': [ '0.4.2' ],
52 silly audit   '@eslint/core': [ '0.17.0' ],
52 silly audit   '@eslint/eslintrc': [ '3.3.1' ],
52 silly audit   globals: [ '14.0.0', '16.5.0' ],
52 silly audit   '@eslint/js': [ '9.39.1' ],
52 silly audit   '@eslint/object-schema': [ '2.1.7' ],
52 silly audit   '@eslint/plugin-kit': [ '0.4.1' ],
52 silly audit   '@humanfs/core': [ '0.19.1' ],
52 silly audit   '@humanfs/node': [ '0.16.7' ],
52 silly audit   '@humanwhocodes/module-importer': [ '1.0.1' ],
52 silly audit   '@humanwhocodes/retry': [ '0.4.3' ],
52 silly audit   '@jridgewell/gen-mapping': [ '0.3.13' ],
52 silly audit   '@jridgewell/remapping': [ '2.3.5' ],
52 silly audit   '@jridgewell/resolve-uri': [ '3.1.2' ],
52 silly audit   '@jridgewell/sourcemap-codec': [ '1.5.5' ],
52 silly audit   '@jridgewell/trace-mapping': [ '0.3.31' ],
52 silly audit   '@rolldown/pluginutils': [ '1.0.0-beta.47' ],
52 silly audit   '@rollup/rollup-android-arm-eabi': [ '4.53.3' ],
52 silly audit   '@rollup/rollup-android-arm64': [ '4.53.3' ],
52 silly audit   '@rollup/rollup-darwin-arm64': [ '4.53.3' ],
52 silly audit   '@rollup/rollup-darwin-x64': [ '4.53.3' ],
52 silly audit   '@rollup/rollup-freebsd-arm64': [ '4.53.3' ],
52 silly audit   '@rollup/rollup-freebsd-x64': [ '4.53.3' ],
52 silly audit   '@rollup/rollup-linux-arm-gnueabihf': [ '4.53.3' ],
52 silly audit   '@rollup/rollup-linux-arm-musleabihf': [ '4.53.3' ],
52 silly audit   '@rollup/rollup-linux-arm64-gnu': [ '4.53.3' ],
52 silly audit   '@rollup/rollup-linux-arm64-musl': [ '4.53.3' ],
52 silly audit   '@rollup/rollup-linux-loong64-gnu': [ '4.53.3' ],
52 silly audit   '@rollup/rollup-linux-ppc64-gnu': [ '4.53.3' ],
52 silly audit   '@rollup/rollup-linux-riscv64-gnu': [ '4.53.3' ],
52 silly audit   '@rollup/rollup-linux-riscv64-musl': [ '4.53.3' ],
52 silly audit   '@rollup/rollup-linux-s390x-gnu': [ '4.53.3' ],
52 silly audit   '@rollup/rollup-linux-x64-gnu': [ '4.53.3' ],
52 silly audit   '@rollup/rollup-linux-x64-musl': [ '4.53.3' ],
52 silly audit   '@rollup/rollup-openharmony-arm64': [ '4.53.3' ],
52 silly audit   '@rollup/rollup-win32-arm64-msvc': [ '4.53.3' ],
52 silly audit   '@rollup/rollup-win32-ia32-msvc': [ '4.53.3' ],
52 silly audit   '@rollup/rollup-win32-x64-gnu': [ '4.53.3' ],
52 silly audit   '@rollup/rollup-win32-x64-msvc': [ '4.53.3' ],
52 silly audit   '@types/babel__core': [ '7.20.5' ],
52 silly audit   '@types/babel__generator': [ '7.27.0' ],
52 silly audit   '@types/babel__template': [ '7.4.4' ],
52 silly audit   '@types/babel__traverse': [ '7.28.0' ],
52 silly audit   '@types/estree': [ '1.0.8' ],
52 silly audit   '@types/json-schema': [ '7.0.15' ],
52 silly audit   '@types/react': [ '19.2.6' ],
52 silly audit   '@types/react-dom': [ '19.2.3' ],
52 silly audit   '@vitejs/plugin-react': [ '5.1.1' ],
52 silly audit   acorn: [ '8.15.0' ],
52 silly audit   'acorn-jsx': [ '5.3.2' ],
52 silly audit   ajv: [ '6.12.6' ],
52 silly audit   'ansi-styles': [ '4.3.0' ],
52 silly audit   argparse: [ '2.0.1' ],
52 silly audit   'balanced-match': [ '1.0.2' ],
52 silly audit   'baseline-browser-mapping': [ '2.8.29' ],
52 silly audit   'brace-expansion': [ '1.1.12' ],
52 silly audit   browserslist: [ '4.28.0' ],
52 silly audit   callsites: [ '3.1.0' ],
52 silly audit   'caniuse-lite': [ '1.0.30001756' ],
52 silly audit   chalk: [ '4.1.2' ],
52 silly audit   'color-convert': [ '2.0.1' ],
52 silly audit   'color-name': [ '1.1.4' ],
52 silly audit   'concat-map': [ '0.0.1' ],
52 silly audit   'convert-source-map': [ '2.0.0' ],
52 silly audit   'cross-spawn': [ '7.0.6' ],
52 silly audit   csstype: [ '3.2.3' ],
52 silly audit   debug: [ '4.4.3' ],
52 silly audit   'deep-is': [ '0.1.4' ],
52 silly audit   'electron-to-chromium': [ '1.5.256' ],
52 silly audit   esbuild: [ '0.25.12' ],
52 silly audit   escalade: [ '3.2.0' ],
52 silly audit   'escape-string-regexp': [ '4.0.0' ],
52 silly audit   eslint: [ '9.39.1' ],
52 silly audit   'eslint-plugin-react-hooks': [ '7.0.1' ],
52 silly audit   'eslint-plugin-react-refresh': [ '0.4.24' ],
52 silly audit   'eslint-scope': [ '8.4.0' ],
52 silly audit   espree: [ '10.4.0' ],
52 silly audit   esquery: [ '1.6.0' ],
52 silly audit   esrecurse: [ '4.3.0' ],
52 silly audit   estraverse: [ '5.3.0' ],
52 silly audit   esutils: [ '2.0.3' ],
52 silly audit   'fast-deep-equal': [ '3.1.3' ],
52 silly audit   'fast-json-stable-stringify': [ '2.1.0' ],
52 silly audit   'fast-levenshtein': [ '2.0.6' ],
52 silly audit   fdir: [ '6.5.0' ],
52 silly audit   'file-entry-cache': [ '8.0.0' ],
52 silly audit   'find-up': [ '5.0.0' ],
52 silly audit   'flat-cache': [ '4.0.1' ],
52 silly audit   flatted: [ '3.3.3' ],
52 silly audit   fsevents: [ '2.3.3' ],
52 silly audit   gensync: [ '1.0.0-beta.2' ],
52 silly audit   'glob-parent': [ '6.0.2' ],
52 silly audit   'has-flag': [ '4.0.0' ],
52 silly audit   'hermes-estree': [ '0.25.1' ],
52 silly audit   'hermes-parser': [ '0.25.1' ],
52 silly audit   ignore: [ '5.3.2' ],
52 silly audit   'import-fresh': [ '3.3.1' ],
52 silly audit   imurmurhash: [ '0.1.4' ],
52 silly audit   'is-extglob': [ '2.1.1' ],
52 silly audit   'is-glob': [ '4.0.3' ],
52 silly audit   isexe: [ '2.0.0' ],
52 silly audit   'js-tokens': [ '4.0.0' ],
52 silly audit   'js-yaml': [ '4.1.1' ],
52 silly audit   jsesc: [ '3.1.0' ],
52 silly audit   'json-buffer': [ '3.0.1' ],
52 silly audit   'json-schema-traverse': [ '0.4.1' ],
52 silly audit   'json-stable-stringify-without-jsonify': [ '1.0.1' ],
52 silly audit   json5: [ '2.2.3' ],
52 silly audit   keyv: [ '4.5.4' ],
52 silly audit   levn: [ '0.4.1' ],
52 silly audit   'locate-path': [ '6.0.0' ],
52 silly audit   'lodash.merge': [ '4.6.2' ],
52 silly audit   'lru-cache': [ '5.1.1' ],
52 silly audit   minimatch: [ '3.1.2' ],
52 silly audit   ms: [ '2.1.3' ],
52 silly audit   nanoid: [ '3.3.11' ],
52 silly audit   'natural-compare': [ '1.4.0' ],
52 silly audit   'node-releases': [ '2.0.27' ],
52 silly audit   optionator: [ '0.9.4' ],
52 silly audit   'p-limit': [ '3.1.0' ],
52 silly audit   'p-locate': [ '5.0.0' ],
52 silly audit   'parent-module': [ '1.0.1' ],
52 silly audit   'path-exists': [ '4.0.0' ],
52 silly audit   'path-key': [ '3.1.1' ],
52 silly audit   picocolors: [ '1.1.1' ],
52 silly audit   picomatch: [ '4.0.3' ],
52 silly audit   postcss: [ '8.5.6' ],
52 silly audit   'prelude-ls': [ '1.2.1' ],
52 silly audit   punycode: [ '2.3.1' ],
52 silly audit   react: [ '19.2.0' ],
52 silly audit   'react-dom': [ '19.2.0' ],
52 silly audit   'react-refresh': [ '0.18.0' ],
52 silly audit   'resolve-from': [ '4.0.0' ],
52 silly audit   rollup: [ '4.53.3' ],
52 silly audit   scheduler: [ '0.27.0' ],
52 silly audit   semver: [ '6.3.1' ],
52 silly audit   'shebang-command': [ '2.0.0' ],
52 silly audit   'shebang-regex': [ '3.0.0' ],
52 silly audit   'source-map-js': [ '1.2.1' ],
52 silly audit   'strip-json-comments': [ '3.1.1' ],
52 silly audit   'supports-color': [ '7.2.0' ],
52 silly audit   tinyglobby: [ '0.2.15' ],
52 silly audit   'type-check': [ '0.4.0' ],
52 silly audit   'update-browserslist-db': [ '1.1.4' ],
52 silly audit   'uri-js': [ '4.4.1' ],
52 silly audit   vite: [ '7.2.2' ],
52 silly audit   which: [ '2.0.2' ],
52 silly audit   'word-wrap': [ '1.2.5' ],
52 silly audit   yallist: [ '3.1.1' ],
52 silly audit   'yocto-queue': [ '0.1.0' ],
52 silly audit   zod: [ '4.1.12' ],
52 silly audit   'zod-validation-error': [ '4.0.2' ],
52 silly audit   'react-router-dom': [ '7.9.6' ],
52 silly audit   'react-router': [ '7.9.6' ],
52 silly audit   cookie: [ '1.0.2' ],
52 silly audit   'set-cookie-parser': [ '2.7.2' ]
52 silly audit }
53 verbose reify failed optional dependency /Users/sornalisen/Desktop/career.ai/frontend/node_modules/@rollup/rollup-win32-x64-msvc
54 silly reify mark deleted [
54 silly reify   '/Users/sornalisen/Desktop/career.ai/frontend/node_modules/@rollup/rollup-win32-x64-msvc'
54 silly reify ]
55 verbose reify failed optional dependency /Users/sornalisen/Desktop/career.ai/frontend/node_modules/@rollup/rollup-win32-x64-gnu
56 silly reify mark deleted [
56 silly reify   '/Users/sornalisen/Desktop/career.ai/frontend/node_modules/@rollup/rollup-win32-x64-gnu'
56 silly reify ]
57 verbose reify failed optional dependency /Users/sornalisen/Desktop/career.ai/frontend/node_modules/@rollup/rollup-win32-ia32-msvc
58 silly reify mark deleted [
58 silly reify   '/Users/sornalisen/Desktop/career.ai/frontend/node_modules/@rollup/rollup-win32-ia32-msvc'
58 silly reify ]
59 verbose reify failed optional dependency /Users/sornalisen/Desktop/career.ai/frontend/node_modules/@rollup/rollup-win32-arm64-msvc
60 silly reify mark deleted [
60 silly reify   '/Users/sornalisen/Desktop/career.ai/frontend/node_modules/@rollup/rollup-win32-arm64-msvc'
60 silly reify ]
61 verbose reify failed optional dependency /Users/sornalisen/Desktop/career.ai/frontend/node_modules/@rollup/rollup-openharmony-arm64
62 silly reify mark deleted [
62 silly reify   '/Users/sornalisen/Desktop/career.ai/frontend/node_modules/@rollup/rollup-openharmony-arm64'
62 silly reify ]
63 verbose reify failed optional dependency /Users/sornalisen/Desktop/career.ai/frontend/node_modules/@rollup/rollup-linux-x64-musl
64 silly reify mark deleted [
64 silly reify   '/Users/sornalisen/Desktop/career.ai/frontend/node_modules/@rollup/rollup-linux-x64-musl'
64 silly reify ]
65 verbose reify failed optional dependency /Users/sornalisen/Desktop/career.ai/frontend/node_modules/@rollup/rollup-linux-x64-gnu
66 silly reify mark deleted [
66 silly reify   '/Users/sornalisen/Desktop/career.ai/frontend/node_modules/@rollup/rollup-linux-x64-gnu'
66 silly reify ]
67 verbose reify failed optional dependency /Users/sornalisen/Desktop/career.ai/frontend/node_modules/@rollup/rollup-linux-s390x-gnu
68 silly reify mark deleted [
68 silly reify   '/Users/sornalisen/Desktop/career.ai/frontend/node_modules/@rollup/rollup-linux-s390x-gnu'
68 silly reify ]
69 verbose reify failed optional dependency /Users/sornalisen/Desktop/career.ai/frontend/node_modules/@rollup/rollup-linux-riscv64-musl
70 silly reify mark deleted [
70 silly reify   '/Users/sornalisen/Desktop/career.ai/frontend/node_modules/@rollup/rollup-linux-riscv64-musl'
70 silly reify ]
71 verbose reify failed optional dependency /Users/sornalisen/Desktop/career.ai/frontend/node_modules/@rollup/rollup-linux-riscv64-gnu
72 silly reify mark deleted [
72 silly reify   '/Users/sornalisen/Desktop/career.ai/frontend/node_modules/@rollup/rollup-linux-riscv64-gnu'
72 silly reify ]
73 verbose reify failed optional dependency /Users/sornalisen/Desktop/career.ai/frontend/node_modules/@rollup/rollup-linux-ppc64-gnu
74 silly reify mark deleted [
74 silly reify   '/Users/sornalisen/Desktop/career.ai/frontend/node_modules/@rollup/rollup-linux-ppc64-gnu'
74 silly reify ]
75 verbose reify failed optional dependency /Users/sornalisen/Desktop/career.ai/frontend/node_modules/@rollup/rollup-linux-loong64-gnu
76 silly reify mark deleted [
76 silly reify   '/Users/sornalisen/Desktop/career.ai/frontend/node_modules/@rollup/rollup-linux-loong64-gnu'
76 silly reify ]
77 verbose reify failed optional dependency /Users/sornalisen/Desktop/career.ai/frontend/node_modules/@rollup/rollup-linux-arm64-musl
78 silly reify mark deleted [
78 silly reify   '/Users/sornalisen/Desktop/career.ai/frontend/node_modules/@rollup/rollup-linux-arm64-musl'
78 silly reify ]
79 verbose reify failed optional dependency /Users/sornalisen/Desktop/career.ai/frontend/node_modules/@rollup/rollup-linux-arm64-gnu
80 silly reify mark deleted [
80 silly reify   '/Users/sornalisen/Desktop/career.ai/frontend/node_modules/@rollup/rollup-linux-arm64-gnu'
80 silly reify ]
81 verbose reify failed optional dependency /Users/sornalisen/Desktop/career.ai/frontend/node_modules/@rollup/rollup-linux-arm-musleabihf
82 silly reify mark deleted [
82 silly reify   '/Users/sornalisen/Desktop/career.ai/frontend/node_modules/@rollup/rollup-linux-arm-musleabihf'
82 silly reify ]
83 verbose reify failed optional dependency /Users/sornalisen/Desktop/career.ai/frontend/node_modules/@rollup/rollup-linux-arm-gnueabihf
84 silly reify mark deleted [
84 silly reify   '/Users/sornalisen/Desktop/career.ai/frontend/node_modules/@rollup/rollup-linux-arm-gnueabihf'
84 silly reify ]
85 verbose reify failed optional dependency /Users/sornalisen/Desktop/career.ai/frontend/node_modules/@rollup/rollup-freebsd-x64
86 silly reify mark deleted [
86 silly reify   '/Users/sornalisen/Desktop/career.ai/frontend/node_modules/@rollup/rollup-freebsd-x64'
86 silly reify ]
87 verbose reify failed optional dependency /Users/sornalisen/Desktop/career.ai/frontend/node_modules/@rollup/rollup-freebsd-arm64
88 silly reify mark deleted [
88 silly reify   '/Users/sornalisen/Desktop/career.ai/frontend/node_modules/@rollup/rollup-freebsd-arm64'
88 silly reify ]
89 verbose reify failed optional dependency /Users/sornalisen/Desktop/career.ai/frontend/node_modules/@rollup/rollup-darwin-x64
90 silly reify mark deleted [
90 silly reify   '/Users/sornalisen/Desktop/career.ai/frontend/node_modules/@rollup/rollup-darwin-x64'
90 silly reify ]
91 verbose reify failed optional dependency /Users/sornalisen/Desktop/career.ai/frontend/node_modules/@rollup/rollup-android-arm64
92 silly reify mark deleted [
92 silly reify   '/Users/sornalisen/Desktop/career.ai/frontend/node_modules/@rollup/rollup-android-arm64'
92 silly reify ]
93 verbose reify failed optional dependency /Users/sornalisen/Desktop/career.ai/frontend/node_modules/@rollup/rollup-android-arm-eabi
94 silly reify mark deleted [
94 silly reify   '/Users/sornalisen/Desktop/career.ai/frontend/node_modules/@rollup/rollup-android-arm-eabi'
94 silly reify ]
95 verbose reify failed optional dependency /Users/sornalisen/Desktop/career.ai/frontend/node_modules/@esbuild/win32-x64
96 silly reify mark deleted [
96 silly reify   '/Users/sornalisen/Desktop/career.ai/frontend/node_modules/@esbuild/win32-x64'
96 silly reify ]
97 verbose reify failed optional dependency /Users/sornalisen/Desktop/career.ai/frontend/node_modules/@esbuild/win32-ia32
98 silly reify mark deleted [
98 silly reify   '/Users/sornalisen/Desktop/career.ai/frontend/node_modules/@esbuild/win32-ia32'
98 silly reify ]
99 verbose reify failed optional dependency /Users/sornalisen/Desktop/career.ai/frontend/node_modules/@esbuild/win32-arm64
100 silly reify mark deleted [
100 silly reify   '/Users/sornalisen/Desktop/career.ai/frontend/node_modules/@esbuild/win32-arm64'
100 silly reify ]
101 verbose reify failed optional dependency /Users/sornalisen/Desktop/career.ai/frontend/node_modules/@esbuild/sunos-x64
102 silly reify mark deleted [
102 silly reify   '/Users/sornalisen/Desktop/career.ai/frontend/node_modules/@esbuild/sunos-x64'
102 silly reify ]
103 verbose reify failed optional dependency /Users/sornalisen/Desktop/career.ai/frontend/node_modules/@esbuild/openharmony-arm64
104 silly reify mark deleted [
104 silly reify   '/Users/sornalisen/Desktop/career.ai/frontend/node_modules/@esbuild/openharmony-arm64'
104 silly reify ]
105 verbose reify failed optional dependency /Users/sornalisen/Desktop/career.ai/frontend/node_modules/@esbuild/openbsd-x64
106 silly reify mark deleted [
106 silly reify   '/Users/sornalisen/Desktop/career.ai/frontend/node_modules/@esbuild/openbsd-x64'
106 silly reify ]
107 verbose reify failed optional dependency /Users/sornalisen/Desktop/career.ai/frontend/node_modules/@esbuild/openbsd-arm64
108 silly reify mark deleted [
108 silly reify   '/Users/sornalisen/Desktop/career.ai/frontend/node_modules/@esbuild/openbsd-arm64'
108 silly reify ]
109 verbose reify failed optional dependency /Users/sornalisen/Desktop/career.ai/frontend/node_modules/@esbuild/netbsd-x64
110 silly reify mark deleted [
110 silly reify   '/Users/sornalisen/Desktop/career.ai/frontend/node_modules/@esbuild/netbsd-x64'
110 silly reify ]
111 verbose reify failed optional dependency /Users/sornalisen/Desktop/career.ai/frontend/node_modules/@esbuild/netbsd-arm64
112 silly reify mark deleted [
112 silly reify   '/Users/sornalisen/Desktop/career.ai/frontend/node_modules/@esbuild/netbsd-arm64'
112 silly reify ]
113 verbose reify failed optional dependency /Users/sornalisen/Desktop/career.ai/frontend/node_modules/@esbuild/linux-x64
114 silly reify mark deleted [
114 silly reify   '/Users/sornalisen/Desktop/career.ai/frontend/node_modules/@esbuild/linux-x64'
114 silly reify ]
115 verbose reify failed optional dependency /Users/sornalisen/Desktop/career.ai/frontend/node_modules/@esbuild/linux-s390x
116 silly reify mark deleted [
116 silly reify   '/Users/sornalisen/Desktop/career.ai/frontend/node_modules/@esbuild/linux-s390x'
116 silly reify ]
117 verbose reify failed optional dependency /Users/sornalisen/Desktop/career.ai/frontend/node_modules/@esbuild/linux-riscv64
118 silly reify mark deleted [
118 silly reify   '/Users/sornalisen/Desktop/career.ai/frontend/node_modules/@esbuild/linux-riscv64'
118 silly reify ]
119 verbose reify failed optional dependency /Users/sornalisen/Desktop/career.ai/frontend/node_modules/@esbuild/linux-ppc64
120 silly reify mark deleted [
120 silly reify   '/Users/sornalisen/Desktop/career.ai/frontend/node_modules/@esbuild/linux-ppc64'
120 silly reify ]
121 verbose reify failed optional dependency /Users/sornalisen/Desktop/career.ai/frontend/node_modules/@esbuild/linux-mips64el
122 silly reify mark deleted [
122 silly reify   '/Users/sornalisen/Desktop/career.ai/frontend/node_modules/@esbuild/linux-mips64el'
122 silly reify ]
123 verbose reify failed optional dependency /Users/sornalisen/Desktop/career.ai/frontend/node_modules/@esbuild/linux-loong64
124 silly reify mark deleted [
124 silly reify   '/Users/sornalisen/Desktop/career.ai/frontend/node_modules/@esbuild/linux-loong64'
124 silly reify ]
125 verbose reify failed optional dependency /Users/sornalisen/Desktop/career.ai/frontend/node_modules/@esbuild/linux-ia32
126 silly reify mark deleted [
126 silly reify   '/Users/sornalisen/Desktop/career.ai/frontend/node_modules/@esbuild/linux-ia32'
126 silly reify ]
127 verbose reify failed optional dependency /Users/sornalisen/Desktop/career.ai/frontend/node_modules/@esbuild/linux-arm64
128 silly reify mark deleted [
128 silly reify   '/Users/sornalisen/Desktop/career.ai/frontend/node_modules/@esbuild/linux-arm64'
128 silly reify ]
129 verbose reify failed optional dependency /Users/sornalisen/Desktop/career.ai/frontend/node_modules/@esbuild/linux-arm
130 silly reify mark deleted [
130 silly reify   '/Users/sornalisen/Desktop/career.ai/frontend/node_modules/@esbuild/linux-arm'
130 silly reify ]
131 verbose reify failed optional dependency /Users/sornalisen/Desktop/career.ai/frontend/node_modules/@esbuild/freebsd-x64
132 silly reify mark deleted [
132 silly reify   '/Users/sornalisen/Desktop/career.ai/frontend/node_modules/@esbuild/freebsd-x64'
132 silly reify ]
133 verbose reify failed optional dependency /Users/sornalisen/Desktop/career.ai/frontend/node_modules/@esbuild/freebsd-arm64
134 silly reify mark deleted [
134 silly reify   '/Users/sornalisen/Desktop/career.ai/frontend/node_modules/@esbuild/freebsd-arm64'
134 silly reify ]
135 verbose reify failed optional dependency /Users/sornalisen/Desktop/career.ai/frontend/node_modules/@esbuild/darwin-x64
136 silly reify mark deleted [
136 silly reify   '/Users/sornalisen/Desktop/career.ai/frontend/node_modules/@esbuild/darwin-x64'
136 silly reify ]
137 verbose reify failed optional dependency /Users/sornalisen/Desktop/career.ai/frontend/node_modules/@esbuild/android-x64
138 silly reify mark deleted [
138 silly reify   '/Users/sornalisen/Desktop/career.ai/frontend/node_modules/@esbuild/android-x64'
138 silly reify ]
139 verbose reify failed optional dependency /Users/sornalisen/Desktop/career.ai/frontend/node_modules/@esbuild/android-arm64
140 silly reify mark deleted [
140 silly reify   '/Users/sornalisen/Desktop/career.ai/frontend/node_modules/@esbuild/android-arm64'
140 silly reify ]
141 verbose reify failed optional dependency /Users/sornalisen/Desktop/career.ai/frontend/node_modules/@esbuild/android-arm
142 silly reify mark deleted [
142 silly reify   '/Users/sornalisen/Desktop/career.ai/frontend/node_modules/@esbuild/android-arm'
142 silly reify ]
143 verbose reify failed optional dependency /Users/sornalisen/Desktop/career.ai/frontend/node_modules/@esbuild/aix-ppc64
144 silly reify mark deleted [
144 silly reify   '/Users/sornalisen/Desktop/career.ai/frontend/node_modules/@esbuild/aix-ppc64'
144 silly reify ]
145 http cache set-cookie-parser@https://registry.npmjs.org/set-cookie-parser/-/set-cookie-parser-2.7.2.tgz 0ms (cache hit)
146 http cache react-router@https://registry.npmjs.org/react-router/-/react-router-7.9.6.tgz 0ms (cache hit)
147 http cache cookie@https://registry.npmjs.org/cookie/-/cookie-1.0.2.tgz 0ms (cache hit)
148 http cache react-router-dom@https://registry.npmjs.org/react-router-dom/-/react-router-dom-7.9.6.tgz 0ms (cache hit)
149 silly tarball no local data for set-cookie-parser@https://registry.npmjs.org/set-cookie-parser/-/set-cookie-parser-2.7.2.tgz. Extracting by manifest.
150 silly tarball no local data for react-router@https://registry.npmjs.org/react-router/-/react-router-7.9.6.tgz. Extracting by manifest.
151 silly tarball no local data for cookie@https://registry.npmjs.org/cookie/-/cookie-1.0.2.tgz. Extracting by manifest.
152 silly tarball no local data for react-router-dom@https://registry.npmjs.org/react-router-dom/-/react-router-dom-7.9.6.tgz. Extracting by manifest.
153 http fetch GET 200 https://registry.npmjs.org/set-cookie-parser/-/set-cookie-parser-2.7.2.tgz 83ms (cache miss)
154 http fetch GET 200 https://registry.npmjs.org/react-router-dom/-/react-router-dom-7.9.6.tgz 227ms (cache miss)
155 http fetch POST 200 https://registry.npmjs.org/-/npm/v1/security/advisories/bulk 346ms
156 silly audit report {}
157 http fetch GET 200 https://registry.npmjs.org/cookie/-/cookie-1.0.2.tgz 418ms (cache miss)
158 http fetch GET 200 https://registry.npmjs.org/react-router/-/react-router-7.9.6.tgz 418ms (cache miss)
159 silly ADD node_modules/set-cookie-parser
160 silly ADD node_modules/cookie
161 silly ADD node_modules/react-router
162 silly ADD node_modules/react-router-dom
163 silly ADD
164 silly ADD
165 silly ADD
166 silly ADD
167 silly ADD
168 silly ADD
169 silly ADD
170 silly ADD
171 silly ADD
172 silly ADD
173 silly ADD
174 silly ADD
175 silly ADD
176 silly ADD
177 silly ADD
178 silly ADD
179 silly ADD
180 silly ADD
181 silly ADD
182 silly ADD
183 silly ADD
184 silly ADD
185 silly ADD
186 silly ADD
187 silly ADD
188 silly ADD
189 silly ADD
190 silly ADD
191 silly ADD
192 silly ADD
193 silly ADD
194 silly ADD
195 silly ADD
196 silly ADD
197 silly ADD
198 silly ADD
199 silly ADD
200 silly ADD
201 silly ADD
202 silly ADD
203 silly ADD
204 silly ADD
205 silly ADD
206 silly ADD
207 silly ADD
208 silly ADD
209 verbose cwd /Users/sornalisen/Desktop/career.ai/frontend
210 verbose os Darwin 24.6.0
211 verbose node v22.17.1
212 verbose npm  v10.9.2
213 verbose exit 0
214 info ok
